[2025-04-30T16:51:53.821Z] 程序启动
[2025-04-30T16:51:53.822Z] 启动浏览器
[2025-04-30T16:51:54.070Z] 加载浏览器状态
[2025-04-30T16:51:54.466Z] 打开dashboard页面
[2025-04-30T16:52:05.506Z] 当前url：https://sell.smartstore.naver.com/#/home/dashboard
[2025-04-30T16:52:05.506Z] 开始处理文件夹：D:\myproject\auto_d_price\dist\run
[2025-04-30T16:52:05.507Z] 找到 1 个Excel文件
[2025-04-30T16:52:05.507Z] 处理文件：20250411_152655_炼沥 捞仿(1)(1).xlsx
[2025-04-30T16:52:05.541Z] 文件 20250411_152655_炼沥 捞仿(1)(1).xlsx 包含 68 条数据
[2025-04-30T16:52:05.541Z] 处理商品：11709574470
[2025-04-30T16:52:05.541Z] 开始打开管理端页面
[2025-04-30T16:52:21.300Z] 管理端页面加载完成
[2025-04-30T16:52:21.300Z] 等待 4 秒后继续
[2025-04-30T16:52:25.644Z] 开始打开价格比较页面
[2025-04-30T16:52:28.836Z] 价格比较页面加载完成
[2025-04-30T16:52:28.836Z] 等待 1 秒后继续
[2025-04-30T16:52:29.915Z] 开始处理商品：11709574470
[2025-04-30T16:52:29.916Z] 商品URL：https://search.shopping.naver.com/catalog/35492087515
[2025-04-30T16:52:29.916Z] 最低价限制：31000
[2025-04-30T16:52:29.916Z] 开始输入产品码
[2025-04-30T16:52:32.197Z] 产品码输入完成
[2025-04-30T16:52:32.197Z] 等待 2 秒后点击查询
[2025-04-30T16:52:34.040Z] 点击查询按钮
[2025-04-30T16:52:36.354Z] 查询完成，等待结果加载
[2025-04-30T16:52:36.354Z] 等待 4 秒后继续
[2025-04-30T16:52:40.267Z] 提取商品ID：35492087515
[2025-04-30T16:52:40.268Z] 开始点击商品链接
[2025-04-30T16:52:40.387Z] 商品链接点击完成
[2025-04-30T16:52:40.387Z] 等待新标签页打开
[2025-04-30T16:52:41.387Z] 等待新标签页，第 1 次尝试
[2025-04-30T16:52:41.387Z] 新标签页已打开
[2025-04-30T16:52:41.388Z] 切换到新标签页
[2025-04-30T16:52:41.389Z] 等待页面加载
[2025-04-30T16:52:42.177Z] 页面加载完成
[2025-04-30T16:52:42.187Z] 价格表格是否可见：false
[2025-04-30T16:52:42.187Z] 本地店铺 한빛2020 的价格：undefined
[2025-04-30T16:52:42.187Z] 当前价格已经是最低，无需调价
[2025-04-30T16:52:42.187Z] 处理商品：11515866894
[2025-04-30T16:52:42.204Z] 开始打开管理端页面
[2025-04-30T16:52:45.200Z] 管理端页面加载完成
[2025-04-30T16:52:45.200Z] 等待 3 秒后继续
[2025-04-30T16:52:47.854Z] 开始打开价格比较页面
[2025-04-30T16:52:51.616Z] 价格比较页面加载完成
[2025-04-30T16:52:51.616Z] 等待 2 秒后继续
[2025-04-30T16:52:53.903Z] 开始处理商品：11515866894
[2025-04-30T16:52:53.903Z] 商品URL：https://search.shopping.naver.com/catalog/43242965725
[2025-04-30T16:52:53.903Z] 最低价限制：16950
[2025-04-30T16:52:53.903Z] 开始输入产品码
[2025-04-30T16:52:56.164Z] 产品码输入完成
[2025-04-30T16:52:56.164Z] 等待 1 秒后点击查询
[2025-04-30T16:52:57.234Z] 点击查询按钮
[2025-04-30T16:53:00.351Z] 查询完成，等待结果加载
[2025-04-30T16:53:00.351Z] 等待 3 秒后继续
[2025-04-30T16:53:02.887Z] 提取商品ID：43242965725
[2025-04-30T16:53:02.887Z] 开始点击商品链接
[2025-04-30T16:53:03.011Z] 商品链接点击完成
[2025-04-30T16:53:03.011Z] 等待新标签页打开
[2025-04-30T16:53:04.012Z] 等待新标签页，第 1 次尝试
[2025-04-30T16:53:04.012Z] 新标签页已打开
[2025-04-30T16:53:04.014Z] 切换到新标签页
[2025-04-30T16:53:04.014Z] 等待页面加载
[2025-04-30T16:53:04.014Z] 页面加载完成
[2025-04-30T16:53:04.027Z] 价格表格是否可见：false
[2025-04-30T16:53:04.027Z] 本地店铺 한빛2020 的价格：undefined
[2025-04-30T16:53:04.027Z] 当前价格已经是最低，无需调价
[2025-04-30T16:53:04.027Z] 处理商品：11529334473
[2025-04-30T16:53:04.046Z] 开始打开管理端页面
[2025-04-30T16:53:06.918Z] 管理端页面加载完成
[2025-04-30T16:53:06.918Z] 等待 4 秒后继续
[2025-04-30T16:53:11.158Z] 开始打开价格比较页面
[2025-04-30T16:53:14.719Z] 价格比较页面加载完成
[2025-04-30T16:53:14.719Z] 等待 2 秒后继续
[2025-04-30T16:53:16.468Z] 开始处理商品：11529334473
[2025-04-30T16:53:16.469Z] 商品URL：https://search.shopping.naver.com/catalog/35675942365
[2025-04-30T16:53:16.469Z] 最低价限制：6000
[2025-04-30T16:53:16.469Z] 开始输入产品码
[2025-04-30T16:53:18.886Z] 产品码输入完成
[2025-04-30T16:53:18.886Z] 等待 2 秒后点击查询
[2025-04-30T16:53:20.731Z] 点击查询按钮
[2025-04-30T16:53:23.560Z] 查询完成，等待结果加载
[2025-04-30T16:53:23.560Z] 等待 4 秒后继续
[2025-04-30T16:53:27.136Z] 提取商品ID：35675942365
[2025-04-30T16:53:27.136Z] 开始点击商品链接
[2025-04-30T16:53:27.259Z] 商品链接点击完成
[2025-04-30T16:53:27.259Z] 等待新标签页打开
[2025-04-30T16:53:28.259Z] 等待新标签页，第 1 次尝试
[2025-04-30T16:53:28.260Z] 新标签页已打开
[2025-04-30T16:53:28.261Z] 切换到新标签页
[2025-04-30T16:53:28.261Z] 等待页面加载
[2025-04-30T16:53:28.263Z] 页面加载完成
[2025-04-30T16:53:28.273Z] 价格表格是否可见：false
[2025-04-30T16:53:28.273Z] 本地店铺 한빛2020 的价格：undefined
[2025-04-30T16:53:28.273Z] 当前价格已经是最低，无需调价
[2025-04-30T16:53:28.274Z] 处理商品：11562237310
[2025-04-30T16:53:28.289Z] 开始打开管理端页面
[2025-04-30T16:53:31.367Z] 管理端页面加载完成
[2025-04-30T16:53:31.367Z] 等待 4 秒后继续
[2025-04-30T16:53:35.591Z] 开始打开价格比较页面
[2025-04-30T16:53:39.162Z] 价格比较页面加载完成
[2025-04-30T16:53:39.162Z] 等待 3 秒后继续
[2025-04-30T16:53:41.774Z] 开始处理商品：11562237310
[2025-04-30T16:53:41.774Z] 商品URL：https://search.shopping.naver.com/catalog/51881793575
[2025-04-30T16:53:41.774Z] 最低价限制：6500
[2025-04-30T16:53:41.775Z] 开始输入产品码
[2025-04-30T16:53:43.997Z] 产品码输入完成
[2025-04-30T16:53:43.997Z] 等待 1 秒后点击查询
[2025-04-30T16:53:45.494Z] 点击查询按钮
[2025-04-30T16:53:49.077Z] 查询完成，等待结果加载
[2025-04-30T16:53:49.077Z] 等待 4 秒后继续
[2025-04-30T16:53:52.973Z] 提取商品ID：51881793575
[2025-04-30T16:53:52.973Z] 开始点击商品链接
[2025-04-30T16:53:53.081Z] 商品链接点击完成
[2025-04-30T16:53:53.081Z] 等待新标签页打开
[2025-04-30T16:53:54.082Z] 等待新标签页，第 1 次尝试
[2025-04-30T16:53:54.082Z] 新标签页已打开
[2025-04-30T16:53:54.084Z] 切换到新标签页
[2025-04-30T16:53:54.084Z] 等待页面加载
[2025-04-30T16:53:54.085Z] 页面加载完成
[2025-04-30T16:53:54.095Z] 价格表格是否可见：false
[2025-04-30T16:53:54.095Z] 本地店铺 한빛2020 的价格：undefined
[2025-04-30T16:53:54.095Z] 当前价格已经是最低，无需调价
[2025-04-30T16:53:54.095Z] 处理商品：11721820338
[2025-04-30T16:53:54.111Z] 开始打开管理端页面
[2025-04-30T16:53:56.952Z] 管理端页面加载完成
[2025-04-30T16:53:56.952Z] 等待 3 秒后继续
[2025-04-30T16:53:59.865Z] 开始打开价格比较页面
[2025-04-30T16:54:02.367Z] 价格比较页面加载完成
[2025-04-30T16:54:02.368Z] 等待 1 秒后继续
[2025-04-30T16:54:03.623Z] 开始处理商品：11721820338
[2025-04-30T16:54:03.623Z] 商品URL：https://search.shopping.naver.com/catalog/46633769860
[2025-04-30T16:54:03.623Z] 最低价限制：9400
[2025-04-30T16:54:03.623Z] 开始输入产品码
[2025-04-30T16:54:06.112Z] 产品码输入完成
[2025-04-30T16:54:06.112Z] 等待 2 秒后点击查询
[2025-04-30T16:54:08.032Z] 点击查询按钮
[2025-04-30T16:54:11.449Z] 查询完成，等待结果加载
[2025-04-30T16:54:11.450Z] 等待 2 秒后继续
[2025-04-30T16:54:13.771Z] 提取商品ID：46633769860
[2025-04-30T16:54:13.771Z] 开始点击商品链接
[2025-04-30T16:54:13.882Z] 商品链接点击完成
[2025-04-30T16:54:13.882Z] 等待新标签页打开
[2025-04-30T16:54:14.883Z] 等待新标签页，第 1 次尝试
[2025-04-30T16:54:14.883Z] 新标签页已打开
[2025-04-30T16:54:14.884Z] 切换到新标签页
[2025-04-30T16:54:14.884Z] 等待页面加载
[2025-04-30T16:54:14.885Z] 页面加载完成
[2025-04-30T16:54:14.895Z] 价格表格是否可见：false
[2025-04-30T16:54:14.895Z] 本地店铺 한빛2020 的价格：undefined
[2025-04-30T16:54:14.895Z] 当前价格已经是最低，无需调价
[2025-04-30T16:54:14.895Z] 处理商品：11755834995
[2025-04-30T16:54:14.911Z] 开始打开管理端页面
[2025-04-30T16:54:18.693Z] 管理端页面加载完成
[2025-04-30T16:54:18.694Z] 等待 2 秒后继续
[2025-04-30T16:54:20.794Z] 开始打开价格比较页面
[2025-04-30T16:54:23.854Z] 价格比较页面加载完成
[2025-04-30T16:54:23.854Z] 等待 2 秒后继续
[2025-04-30T16:54:25.386Z] 开始处理商品：11755834995
[2025-04-30T16:54:25.386Z] 商品URL：https://search.shopping.naver.com/catalog/43923384665
[2025-04-30T16:54:25.386Z] 最低价限制：11000
[2025-04-30T16:54:25.386Z] 开始输入产品码
[2025-04-30T16:54:27.814Z] 产品码输入完成
[2025-04-30T16:54:27.814Z] 等待 1 秒后点击查询
[2025-04-30T16:54:28.797Z] 点击查询按钮
[2025-04-30T16:54:31.361Z] 查询完成，等待结果加载
[2025-04-30T16:54:31.361Z] 等待 3 秒后继续
[2025-04-30T16:54:34.517Z] 提取商品ID：43923384665
[2025-04-30T16:54:34.518Z] 开始点击商品链接
[2025-04-30T16:54:34.627Z] 商品链接点击完成
[2025-04-30T16:54:34.627Z] 等待新标签页打开
[2025-04-30T16:54:35.628Z] 等待新标签页，第 1 次尝试
[2025-04-30T16:54:35.628Z] 新标签页已打开
[2025-04-30T16:54:35.629Z] 切换到新标签页
[2025-04-30T16:54:35.629Z] 等待页面加载
[2025-04-30T16:54:35.630Z] 页面加载完成
[2025-04-30T16:54:35.640Z] 价格表格是否可见：false
[2025-04-30T16:54:35.640Z] 本地店铺 한빛2020 的价格：undefined
[2025-04-30T16:54:35.640Z] 当前价格已经是最低，无需调价
[2025-04-30T16:54:35.640Z] 处理商品：11768484712
[2025-04-30T16:54:35.656Z] 开始打开管理端页面
[2025-04-30T16:54:39.465Z] 管理端页面加载完成
[2025-04-30T16:54:39.466Z] 等待 3 秒后继续
[2025-04-30T16:54:42.233Z] 开始打开价格比较页面
[2025-04-30T16:54:46.155Z] 价格比较页面加载完成
[2025-04-30T16:54:46.155Z] 等待 3 秒后继续
[2025-04-30T16:54:49.065Z] 开始处理商品：11768484712
[2025-04-30T16:54:49.065Z] 商品URL：https://search.shopping.naver.com/catalog/52877019905
[2025-04-30T16:54:49.065Z] 最低价限制：22000
[2025-04-30T16:54:49.065Z] 开始输入产品码
[2025-04-30T16:54:51.099Z] 产品码输入完成
[2025-04-30T16:54:51.099Z] 等待 1 秒后点击查询
[2025-04-30T16:54:51.617Z] 点击查询按钮
[2025-04-30T16:54:56.738Z] 查询完成，等待结果加载
[2025-04-30T16:54:56.738Z] 等待 3 秒后继续
[2025-04-30T16:54:59.305Z] 提取商品ID：52877019905
[2025-04-30T16:54:59.305Z] 开始点击商品链接
[2025-04-30T16:54:59.398Z] 商品链接点击完成
[2025-04-30T16:54:59.399Z] 等待新标签页打开
[2025-04-30T16:55:00.400Z] 等待新标签页，第 1 次尝试
[2025-04-30T16:55:00.400Z] 新标签页已打开
[2025-04-30T16:55:00.401Z] 切换到新标签页
[2025-04-30T16:55:00.401Z] 等待页面加载
[2025-04-30T16:55:00.402Z] 页面加载完成
[2025-04-30T16:55:00.410Z] 价格表格是否可见：false
[2025-04-30T16:55:00.410Z] 本地店铺 한빛2020 的价格：undefined
[2025-04-30T16:55:00.410Z] 当前价格已经是最低，无需调价
[2025-04-30T16:55:00.410Z] 处理商品：11747217790
[2025-04-30T16:55:00.421Z] 开始打开管理端页面
[2025-04-30T16:55:04.044Z] 管理端页面加载完成
[2025-04-30T16:55:04.044Z] 等待 3 秒后继续
[2025-04-30T16:55:07.081Z] 开始打开价格比较页面
[2025-04-30T16:55:12.124Z] 价格比较页面加载完成
[2025-04-30T16:55:12.124Z] 等待 2 秒后继续
[2025-04-30T16:55:14.545Z] 开始处理商品：11747217790
[2025-04-30T16:55:14.545Z] 商品URL：https://search.shopping.naver.com/catalog/54348311568
[2025-04-30T16:55:14.545Z] 最低价限制：5000
[2025-04-30T16:55:14.546Z] 开始输入产品码
[2025-04-30T16:55:16.918Z] 产品码输入完成
[2025-04-30T16:55:16.918Z] 等待 1 秒后点击查询
[2025-04-30T16:55:17.873Z] 点击查询按钮
[2025-04-30T16:55:21.123Z] 查询完成，等待结果加载
[2025-04-30T16:55:21.124Z] 等待 3 秒后继续
[2025-04-30T16:55:24.350Z] 提取商品ID：54348311568
[2025-04-30T16:55:24.350Z] 开始点击商品链接
[2025-04-30T16:55:24.448Z] 商品链接点击完成
[2025-04-30T16:55:24.448Z] 等待新标签页打开
[2025-04-30T16:55:25.449Z] 等待新标签页，第 1 次尝试
[2025-04-30T16:55:25.449Z] 新标签页已打开
[2025-04-30T16:55:25.450Z] 切换到新标签页
[2025-04-30T16:55:25.450Z] 等待页面加载
[2025-04-30T16:55:25.584Z] 页面加载完成
[2025-04-30T16:55:25.594Z] 价格表格是否可见：false
[2025-04-30T16:55:25.594Z] 本地店铺 한빛2020 的价格：undefined
[2025-04-30T16:55:25.594Z] 当前价格已经是最低，无需调价
[2025-04-30T16:55:25.594Z] 处理商品：11755352404
[2025-04-30T16:55:25.608Z] 开始打开管理端页面
[2025-04-30T16:55:28.649Z] 管理端页面加载完成
[2025-04-30T16:55:28.649Z] 等待 3 秒后继续
[2025-04-30T16:55:31.799Z] 开始打开价格比较页面
[2025-04-30T16:55:36.968Z] 价格比较页面加载完成
[2025-04-30T16:55:36.968Z] 等待 1 秒后继续
[2025-04-30T16:55:38.415Z] 开始处理商品：11755352404
[2025-04-30T16:55:38.415Z] 商品URL：https://search.shopping.naver.com/catalog/45588607672
[2025-04-30T16:55:38.415Z] 最低价限制：9000
[2025-04-30T16:55:38.415Z] 开始输入产品码
[2025-04-30T16:55:40.773Z] 产品码输入完成
[2025-04-30T16:55:40.773Z] 等待 1 秒后点击查询
[2025-04-30T16:55:42.017Z] 点击查询按钮
[2025-04-30T16:55:45.991Z] 查询完成，等待结果加载
[2025-04-30T16:55:45.991Z] 等待 3 秒后继续
[2025-04-30T16:55:49.286Z] 提取商品ID：45588607672
[2025-04-30T16:55:49.286Z] 开始点击商品链接
[2025-04-30T16:55:49.383Z] 商品链接点击完成
[2025-04-30T16:55:49.384Z] 等待新标签页打开
[2025-04-30T16:55:50.384Z] 等待新标签页，第 1 次尝试
[2025-04-30T16:55:50.384Z] 新标签页已打开
[2025-04-30T16:55:50.386Z] 切换到新标签页
[2025-04-30T16:55:50.386Z] 等待页面加载
[2025-04-30T16:55:50.387Z] 页面加载完成
[2025-04-30T16:55:50.397Z] 价格表格是否可见：false
[2025-04-30T16:55:50.398Z] 本地店铺 한빛2020 的价格：undefined
[2025-04-30T16:55:50.398Z] 当前价格已经是最低，无需调价
[2025-04-30T16:55:50.398Z] 处理商品：11672012727
[2025-04-30T16:55:50.413Z] 开始打开管理端页面
[2025-04-30T16:55:53.628Z] 管理端页面加载完成
[2025-04-30T16:55:53.628Z] 等待 4 秒后继续
[2025-04-30T16:55:57.925Z] 开始打开价格比较页面
[2025-04-30T16:56:01.506Z] 价格比较页面加载完成
[2025-04-30T16:56:01.506Z] 等待 2 秒后继续
[2025-04-30T16:56:03.898Z] 开始处理商品：11672012727
[2025-04-30T16:56:03.898Z] 商品URL：https://search.shopping.naver.com/catalog/47606841410
[2025-04-30T16:56:03.899Z] 最低价限制：17450
[2025-04-30T16:56:03.899Z] 开始输入产品码
[2025-04-30T16:56:06.388Z] 产品码输入完成
[2025-04-30T16:56:06.388Z] 等待 1 秒后点击查询
[2025-04-30T16:56:07.738Z] 点击查询按钮
[2025-04-30T16:56:09.891Z] 查询完成，等待结果加载
[2025-04-30T16:56:09.891Z] 等待 2 秒后继续
[2025-04-30T16:56:12.057Z] 提取商品ID：47606841410
[2025-04-30T16:56:12.058Z] 开始点击商品链接
[2025-04-30T16:56:42.059Z] 处理商品时发生错误：Timeout 30000ms exceeded.
Call log:
[2m  - waiting for locator('//a[contains(text(), \'47606841410\')]').first()[22m

[2025-04-30T16:56:42.059Z] 错误堆栈：
[2025-04-30T16:56:42.059Z] 处理商品：11507054559
[2025-04-30T16:56:42.059Z] 开始打开管理端页面
[2025-04-30T16:56:45.863Z] 管理端页面加载完成
[2025-04-30T16:56:45.864Z] 等待 3 秒后继续
[2025-04-30T16:56:48.724Z] 开始打开价格比较页面
[2025-04-30T16:56:51.280Z] 价格比较页面加载完成
[2025-04-30T16:56:51.280Z] 等待 1 秒后继续
[2025-04-30T16:56:52.435Z] 开始处理商品：11507054559
[2025-04-30T16:56:52.435Z] 商品URL：https://search.shopping.naver.com/catalog/50174447848
[2025-04-30T16:56:52.435Z] 最低价限制：14300
[2025-04-30T16:56:52.436Z] 开始输入产品码
[2025-04-30T16:56:54.835Z] 产品码输入完成
[2025-04-30T16:56:54.835Z] 等待 1 秒后点击查询
[2025-04-30T16:56:56.093Z] 点击查询按钮
[2025-04-30T16:56:59.368Z] 查询完成，等待结果加载
[2025-04-30T16:56:59.368Z] 等待 3 秒后继续
[2025-04-30T16:57:02.787Z] 提取商品ID：50174447848
[2025-04-30T16:57:02.788Z] 开始点击商品链接
[2025-04-30T16:57:02.885Z] 商品链接点击完成
[2025-04-30T16:57:02.885Z] 等待新标签页打开
[2025-04-30T16:57:03.886Z] 等待新标签页，第 1 次尝试
[2025-04-30T16:57:03.886Z] 新标签页已打开
[2025-04-30T16:57:03.887Z] 切换到新标签页
[2025-04-30T16:57:03.888Z] 等待页面加载
[2025-04-30T16:57:03.935Z] 页面加载完成
[2025-04-30T16:57:03.946Z] 价格表格是否可见：false
[2025-04-30T16:57:03.946Z] 本地店铺 한빛2020 的价格：undefined
[2025-04-30T16:57:03.946Z] 当前价格已经是最低，无需调价
[2025-04-30T16:57:03.946Z] 处理商品：11730974293
[2025-04-30T16:57:03.962Z] 开始打开管理端页面
[2025-04-30T16:57:08.137Z] 管理端页面加载完成
[2025-04-30T16:57:08.137Z] 等待 5 秒后继续
[2025-04-30T16:57:13.099Z] 开始打开价格比较页面
[2025-04-30T16:57:16.130Z] 价格比较页面加载完成
[2025-04-30T16:57:16.130Z] 等待 2 秒后继续
[2025-04-30T16:57:17.858Z] 开始处理商品：11730974293
[2025-04-30T16:57:17.858Z] 商品URL：https://search.shopping.naver.com/catalog/46139940239
[2025-04-30T16:57:17.858Z] 最低价限制：10000
[2025-04-30T16:57:17.858Z] 开始输入产品码
[2025-04-30T16:57:20.348Z] 产品码输入完成
[2025-04-30T16:57:20.348Z] 等待 1 秒后点击查询
[2025-04-30T16:57:21.248Z] 点击查询按钮
[2025-04-30T16:57:23.781Z] 查询完成，等待结果加载
[2025-04-30T16:57:23.781Z] 等待 3 秒后继续
[2025-04-30T16:57:26.471Z] 提取商品ID：46139940239
[2025-04-30T16:57:26.471Z] 开始点击商品链接
[2025-04-30T16:57:56.471Z] 处理商品时发生错误：Timeout 30000ms exceeded.
Call log:
[2m  - waiting for locator('//a[contains(text(), \'46139940239\')]').first()[22m

[2025-04-30T16:57:56.471Z] 错误堆栈：
[2025-04-30T16:57:56.471Z] 处理商品：11509782600
[2025-04-30T16:57:56.472Z] 开始打开管理端页面
[2025-04-30T16:57:59.182Z] 管理端页面加载完成
[2025-04-30T16:57:59.182Z] 等待 3 秒后继续
[2025-04-30T16:58:02.111Z] 开始打开价格比较页面
[2025-04-30T16:58:05.396Z] 价格比较页面加载完成
[2025-04-30T16:58:05.396Z] 等待 2 秒后继续
[2025-04-30T16:58:07.001Z] 开始处理商品：11509782600
[2025-04-30T16:58:07.001Z] 商品URL：https://search.shopping.naver.com/catalog/45174413698
[2025-04-30T16:58:07.001Z] 最低价限制：9520
[2025-04-30T16:58:07.001Z] 开始输入产品码
[2025-04-30T16:58:09.163Z] 产品码输入完成
[2025-04-30T16:58:09.163Z] 等待 2 秒后点击查询
[2025-04-30T16:58:10.956Z] 点击查询按钮
[2025-04-30T16:58:13.921Z] 查询完成，等待结果加载
[2025-04-30T16:58:13.922Z] 等待 3 秒后继续
[2025-04-30T16:58:16.757Z] 提取商品ID：45174413698
[2025-04-30T16:58:16.757Z] 开始点击商品链接
[2025-04-30T16:58:16.854Z] 商品链接点击完成
[2025-04-30T16:58:16.854Z] 等待新标签页打开
[2025-04-30T16:58:17.855Z] 等待新标签页，第 1 次尝试
[2025-04-30T16:58:17.855Z] 新标签页已打开
[2025-04-30T16:58:17.857Z] 切换到新标签页
[2025-04-30T16:58:17.857Z] 等待页面加载
[2025-04-30T16:58:17.858Z] 页面加载完成
[2025-04-30T16:58:17.869Z] 价格表格是否可见：false
[2025-04-30T16:58:17.869Z] 本地店铺 한빛2020 的价格：undefined
[2025-04-30T16:58:17.869Z] 当前价格已经是最低，无需调价
[2025-04-30T16:58:17.870Z] 处理商品：11745677231
[2025-04-30T16:58:17.885Z] 开始打开管理端页面
[2025-04-30T16:58:21.161Z] 管理端页面加载完成
[2025-04-30T16:58:21.161Z] 等待 2 秒后继续
[2025-04-30T16:58:23.424Z] 开始打开价格比较页面
[2025-04-30T16:58:26.527Z] 价格比较页面加载完成
[2025-04-30T16:58:26.527Z] 等待 2 秒后继续
[2025-04-30T16:58:28.607Z] 开始处理商品：11745677231
[2025-04-30T16:58:28.607Z] 商品URL：https://search.shopping.naver.com/catalog/45360649250
[2025-04-30T16:58:28.607Z] 最低价限制：9500
[2025-04-30T16:58:28.608Z] 开始输入产品码
[2025-04-30T16:58:31.123Z] 产品码输入完成
[2025-04-30T16:58:31.123Z] 等待 1 秒后点击查询
[2025-04-30T16:58:31.730Z] 点击查询按钮
[2025-04-30T16:58:34.470Z] 查询完成，等待结果加载
[2025-04-30T16:58:34.470Z] 等待 3 秒后继续
[2025-04-30T16:58:37.781Z] 提取商品ID：45360649250
[2025-04-30T16:58:37.782Z] 开始点击商品链接
[2025-04-30T16:58:37.882Z] 商品链接点击完成
[2025-04-30T16:58:37.882Z] 等待新标签页打开
[2025-04-30T16:58:38.882Z] 等待新标签页，第 1 次尝试
[2025-04-30T16:58:38.883Z] 新标签页已打开
[2025-04-30T16:58:38.884Z] 切换到新标签页
[2025-04-30T16:58:38.884Z] 等待页面加载
[2025-04-30T16:58:38.885Z] 页面加载完成
[2025-04-30T16:58:38.895Z] 价格表格是否可见：false
[2025-04-30T16:58:38.895Z] 本地店铺 한빛2020 的价格：undefined
[2025-04-30T16:58:38.895Z] 当前价格已经是最低，无需调价
[2025-04-30T16:58:38.895Z] 处理商品：11635708656
[2025-04-30T16:58:38.912Z] 开始打开管理端页面
[2025-04-30T16:58:42.211Z] 管理端页面加载完成
[2025-04-30T16:58:42.211Z] 等待 2 秒后继续
[2025-04-30T16:58:44.334Z] 开始打开价格比较页面
[2025-04-30T16:58:47.144Z] 价格比较页面加载完成
[2025-04-30T16:58:47.144Z] 等待 2 秒后继续
[2025-04-30T16:58:49.371Z] 开始处理商品：11635708656
[2025-04-30T16:58:49.372Z] 商品URL：https://search.shopping.naver.com/catalog/48356185219
[2025-04-30T16:58:49.372Z] 最低价限制：10000
[2025-04-30T16:58:49.372Z] 开始输入产品码
[2025-04-30T16:58:51.837Z] 产品码输入完成
[2025-04-30T16:58:51.838Z] 等待 1 秒后点击查询
[2025-04-30T16:58:52.889Z] 点击查询按钮
[2025-04-30T16:58:55.730Z] 查询完成，等待结果加载
[2025-04-30T16:58:55.730Z] 等待 4 秒后继续
[2025-04-30T16:58:59.640Z] 提取商品ID：48356185219
[2025-04-30T16:58:59.640Z] 开始点击商品链接
[2025-04-30T16:58:59.755Z] 商品链接点击完成
[2025-04-30T16:58:59.756Z] 等待新标签页打开
[2025-04-30T16:59:00.756Z] 等待新标签页，第 1 次尝试
[2025-04-30T16:59:00.756Z] 新标签页已打开
[2025-04-30T16:59:00.757Z] 切换到新标签页
[2025-04-30T16:59:00.757Z] 等待页面加载
[2025-04-30T16:59:00.758Z] 页面加载完成
[2025-04-30T16:59:00.768Z] 价格表格是否可见：false
[2025-04-30T16:59:00.768Z] 本地店铺 한빛2020 的价格：undefined
[2025-04-30T16:59:00.768Z] 当前价格已经是最低，无需调价
[2025-04-30T16:59:00.769Z] 处理商品：11726123431
[2025-04-30T16:59:00.784Z] 开始打开管理端页面
[2025-04-30T16:59:03.657Z] 管理端页面加载完成
[2025-04-30T16:59:03.657Z] 等待 4 秒后继续
[2025-04-30T16:59:07.915Z] 开始打开价格比较页面
[2025-04-30T16:59:10.970Z] 价格比较页面加载完成
[2025-04-30T16:59:10.970Z] 等待 1 秒后继续
[2025-04-30T16:59:12.066Z] 开始处理商品：11726123431
[2025-04-30T16:59:12.066Z] 商品URL：https://search.shopping.naver.com/catalog/53100632467
[2025-04-30T16:59:12.066Z] 最低价限制：15600
[2025-04-30T16:59:12.066Z] 开始输入产品码
[2025-04-30T16:59:14.860Z] 产品码输入完成
[2025-04-30T16:59:14.861Z] 等待 2 秒后点击查询
[2025-04-30T16:59:16.611Z] 点击查询按钮
[2025-04-30T16:59:19.416Z] 查询完成，等待结果加载
[2025-04-30T16:59:19.416Z] 等待 4 秒后继续
[2025-04-30T16:59:23.069Z] 提取商品ID：53100632467
[2025-04-30T16:59:23.069Z] 开始点击商品链接
[2025-04-30T16:59:23.169Z] 商品链接点击完成
[2025-04-30T16:59:23.169Z] 等待新标签页打开
[2025-04-30T16:59:24.170Z] 等待新标签页，第 1 次尝试
[2025-04-30T16:59:24.170Z] 新标签页已打开
[2025-04-30T16:59:24.171Z] 切换到新标签页
[2025-04-30T16:59:24.171Z] 等待页面加载
[2025-04-30T16:59:24.172Z] 页面加载完成
[2025-04-30T16:59:24.183Z] 价格表格是否可见：false
[2025-04-30T16:59:24.183Z] 本地店铺 한빛2020 的价格：undefined
[2025-04-30T16:59:24.183Z] 当前价格已经是最低，无需调价
[2025-04-30T16:59:24.183Z] 处理商品：11763760202
[2025-04-30T16:59:24.198Z] 开始打开管理端页面
[2025-04-30T16:59:27.480Z] 管理端页面加载完成
[2025-04-30T16:59:27.480Z] 等待 4 秒后继续
[2025-04-30T16:59:31.957Z] 开始打开价格比较页面
[2025-04-30T16:59:34.773Z] 价格比较页面加载完成
[2025-04-30T16:59:34.773Z] 等待 2 秒后继续
[2025-04-30T16:59:37.011Z] 开始处理商品：11763760202
[2025-04-30T16:59:37.011Z] 商品URL：https://search.shopping.naver.com/catalog/44310762040
[2025-04-30T16:59:37.011Z] 最低价限制：22000
[2025-04-30T16:59:37.011Z] 开始输入产品码
[2025-04-30T16:59:39.588Z] 产品码输入完成
[2025-04-30T16:59:39.588Z] 等待 1 秒后点击查询
[2025-04-30T16:59:40.672Z] 点击查询按钮
[2025-04-30T16:59:43.164Z] 查询完成，等待结果加载
[2025-04-30T16:59:43.164Z] 等待 2 秒后继续
[2025-04-30T16:59:45.480Z] 提取商品ID：44310762040
[2025-04-30T16:59:45.480Z] 开始点击商品链接
[2025-04-30T16:59:45.576Z] 商品链接点击完成
[2025-04-30T16:59:45.576Z] 等待新标签页打开
[2025-04-30T16:59:46.577Z] 等待新标签页，第 1 次尝试
[2025-04-30T16:59:46.577Z] 新标签页已打开
[2025-04-30T16:59:46.579Z] 切换到新标签页
[2025-04-30T16:59:46.579Z] 等待页面加载
[2025-04-30T16:59:46.580Z] 页面加载完成
[2025-04-30T16:59:46.591Z] 价格表格是否可见：false
[2025-04-30T16:59:46.591Z] 本地店铺 한빛2020 的价格：undefined
[2025-04-30T16:59:46.591Z] 当前价格已经是最低，无需调价
[2025-04-30T16:59:46.591Z] 处理商品：11529636317
[2025-04-30T16:59:46.606Z] 开始打开管理端页面
[2025-04-30T16:59:49.850Z] 管理端页面加载完成
[2025-04-30T16:59:49.851Z] 等待 5 秒后继续
[2025-04-30T16:59:54.517Z] 开始打开价格比较页面
[2025-04-30T16:59:58.529Z] 价格比较页面加载完成
[2025-04-30T16:59:58.529Z] 等待 2 秒后继续
[2025-04-30T17:00:00.572Z] 开始处理商品：11529636317
[2025-04-30T17:00:00.572Z] 商品URL：https://search.shopping.naver.com/catalog/34335205292
[2025-04-30T17:00:00.573Z] 最低价限制：30160
[2025-04-30T17:00:00.573Z] 开始输入产品码
[2025-04-30T17:00:02.614Z] 产品码输入完成
[2025-04-30T17:00:02.614Z] 等待 1 秒后点击查询
[2025-04-30T17:00:03.601Z] 点击查询按钮
[2025-04-30T17:00:06.443Z] 查询完成，等待结果加载
[2025-04-30T17:00:06.443Z] 等待 3 秒后继续
[2025-04-30T17:00:09.647Z] 提取商品ID：34335205292
[2025-04-30T17:00:09.647Z] 开始点击商品链接
[2025-04-30T17:00:09.752Z] 商品链接点击完成
[2025-04-30T17:00:09.752Z] 等待新标签页打开
[2025-04-30T17:00:10.753Z] 等待新标签页，第 1 次尝试
[2025-04-30T17:00:10.753Z] 新标签页已打开
[2025-04-30T17:00:10.754Z] 切换到新标签页
[2025-04-30T17:00:10.755Z] 等待页面加载
[2025-04-30T17:00:10.755Z] 页面加载完成
[2025-04-30T17:00:10.766Z] 价格表格是否可见：false
[2025-04-30T17:00:10.766Z] 本地店铺 한빛2020 的价格：undefined
[2025-04-30T17:00:10.766Z] 当前价格已经是最低，无需调价
[2025-04-30T17:00:10.766Z] 处理商品：11567705103
[2025-04-30T17:00:10.782Z] 开始打开管理端页面
[2025-04-30T17:00:13.952Z] 管理端页面加载完成
[2025-04-30T17:00:13.952Z] 等待 4 秒后继续
[2025-04-30T17:00:17.536Z] 开始打开价格比较页面
[2025-04-30T17:00:21.101Z] 价格比较页面加载完成
[2025-04-30T17:00:21.101Z] 等待 2 秒后继续
[2025-04-30T17:00:22.750Z] 开始处理商品：11567705103
[2025-04-30T17:00:22.750Z] 商品URL：https://search.shopping.naver.com/catalog/49644979341
[2025-04-30T17:00:22.750Z] 最低价限制：9500
[2025-04-30T17:00:22.751Z] 开始输入产品码
[2025-04-30T17:00:25.186Z] 产品码输入完成
[2025-04-30T17:00:25.187Z] 等待 1 秒后点击查询
[2025-04-30T17:00:25.899Z] 点击查询按钮
[2025-04-30T17:00:28.285Z] 查询完成，等待结果加载
[2025-04-30T17:00:28.286Z] 等待 4 秒后继续
[2025-04-30T17:00:32.266Z] 提取商品ID：49644979341
[2025-04-30T17:00:32.266Z] 开始点击商品链接
[2025-04-30T17:00:32.376Z] 商品链接点击完成
[2025-04-30T17:00:32.376Z] 等待新标签页打开
[2025-04-30T17:00:33.377Z] 等待新标签页，第 1 次尝试
[2025-04-30T17:00:33.377Z] 新标签页已打开
[2025-04-30T17:00:33.379Z] 切换到新标签页
[2025-04-30T17:00:33.379Z] 等待页面加载
[2025-04-30T17:00:33.380Z] 页面加载完成
[2025-04-30T17:00:33.390Z] 价格表格是否可见：false
[2025-04-30T17:00:33.390Z] 本地店铺 한빛2020 的价格：undefined
[2025-04-30T17:00:33.390Z] 当前价格已经是最低，无需调价
[2025-04-30T17:00:33.390Z] 处理商品：11697710797
[2025-04-30T17:00:33.406Z] 开始打开管理端页面
[2025-04-30T17:00:35.959Z] 管理端页面加载完成
[2025-04-30T17:00:35.959Z] 等待 4 秒后继续
[2025-04-30T17:00:40.182Z] 开始打开价格比较页面
[2025-04-30T17:00:43.587Z] 价格比较页面加载完成
[2025-04-30T17:00:43.587Z] 等待 2 秒后继续
[2025-04-30T17:00:45.863Z] 开始处理商品：11697710797
[2025-04-30T17:00:45.863Z] 商品URL：https://search.shopping.naver.com/catalog/35694570586
[2025-04-30T17:00:45.863Z] 最低价限制：21000
[2025-04-30T17:00:45.864Z] 开始输入产品码
[2025-04-30T17:00:48.079Z] 产品码输入完成
[2025-04-30T17:00:48.079Z] 等待 1 秒后点击查询
[2025-04-30T17:00:49.058Z] 点击查询按钮
[2025-04-30T17:00:51.870Z] 查询完成，等待结果加载
[2025-04-30T17:00:51.870Z] 等待 4 秒后继续
[2025-04-30T17:00:55.587Z] 提取商品ID：35694570586
[2025-04-30T17:00:55.587Z] 开始点击商品链接
[2025-04-30T17:00:55.695Z] 商品链接点击完成
[2025-04-30T17:00:55.695Z] 等待新标签页打开
[2025-04-30T17:00:56.695Z] 等待新标签页，第 1 次尝试
[2025-04-30T17:00:56.696Z] 新标签页已打开
[2025-04-30T17:00:56.697Z] 切换到新标签页
[2025-04-30T17:00:56.697Z] 等待页面加载
[2025-04-30T17:00:56.698Z] 页面加载完成
[2025-04-30T17:00:56.708Z] 价格表格是否可见：false
[2025-04-30T17:00:56.708Z] 本地店铺 한빛2020 的价格：undefined
[2025-04-30T17:00:56.708Z] 当前价格已经是最低，无需调价
[2025-04-30T17:00:56.708Z] 处理商品：11750195372
[2025-04-30T17:00:56.724Z] 开始打开管理端页面
[2025-04-30T17:01:00.752Z] 管理端页面加载完成
[2025-04-30T17:01:00.752Z] 等待 4 秒后继续
[2025-04-30T17:01:04.809Z] 开始打开价格比较页面
[2025-04-30T17:01:08.923Z] 价格比较页面加载完成
[2025-04-30T17:01:08.923Z] 等待 3 秒后继续
[2025-04-30T17:01:11.594Z] 开始处理商品：11750195372
[2025-04-30T17:01:11.594Z] 商品URL：https://search.shopping.naver.com/catalog/42338818039
[2025-04-30T17:01:11.594Z] 最低价限制：20000
[2025-04-30T17:01:11.595Z] 开始输入产品码
[2025-04-30T17:01:13.901Z] 产品码输入完成
[2025-04-30T17:01:13.901Z] 等待 1 秒后点击查询
[2025-04-30T17:01:15.124Z] 点击查询按钮
[2025-04-30T17:01:17.861Z] 查询完成，等待结果加载
[2025-04-30T17:01:17.861Z] 等待 4 秒后继续
[2025-04-30T17:01:21.574Z] 提取商品ID：42338818039
[2025-04-30T17:01:21.575Z] 开始点击商品链接
[2025-04-30T17:01:21.697Z] 商品链接点击完成
[2025-04-30T17:01:21.698Z] 等待新标签页打开
[2025-04-30T17:01:22.698Z] 等待新标签页，第 1 次尝试
[2025-04-30T17:01:22.699Z] 新标签页已打开
[2025-04-30T17:01:22.700Z] 切换到新标签页
[2025-04-30T17:01:22.700Z] 等待页面加载
[2025-04-30T17:01:22.701Z] 页面加载完成
[2025-04-30T17:01:22.711Z] 价格表格是否可见：false
[2025-04-30T17:01:22.711Z] 本地店铺 한빛2020 的价格：undefined
[2025-04-30T17:01:22.711Z] 当前价格已经是最低，无需调价
[2025-04-30T17:01:22.712Z] 处理商品：11768236934
[2025-04-30T17:01:22.726Z] 开始打开管理端页面
[2025-04-30T17:01:25.706Z] 管理端页面加载完成
[2025-04-30T17:01:25.706Z] 等待 2 秒后继续
[2025-04-30T17:01:27.815Z] 开始打开价格比较页面
[2025-04-30T17:01:30.378Z] 价格比较页面加载完成
[2025-04-30T17:01:30.379Z] 等待 2 秒后继续
[2025-04-30T17:01:31.952Z] 开始处理商品：11768236934
[2025-04-30T17:01:31.952Z] 商品URL：https://search.shopping.naver.com/catalog/35683878989
[2025-04-30T17:01:31.952Z] 最低价限制：10000
[2025-04-30T17:01:31.952Z] 开始输入产品码
[2025-04-30T17:01:33.997Z] 产品码输入完成
[2025-04-30T17:01:33.997Z] 等待 2 秒后点击查询
[2025-04-30T17:01:35.646Z] 点击查询按钮
[2025-04-30T17:01:38.809Z] 查询完成，等待结果加载
[2025-04-30T17:01:38.809Z] 等待 2 秒后继续
[2025-04-30T17:01:41.083Z] 提取商品ID：35683878989
[2025-04-30T17:01:41.084Z] 开始点击商品链接
[2025-04-30T17:01:41.192Z] 商品链接点击完成
[2025-04-30T17:01:41.193Z] 等待新标签页打开
[2025-04-30T17:01:42.194Z] 等待新标签页，第 1 次尝试
[2025-04-30T17:01:42.194Z] 新标签页已打开
[2025-04-30T17:01:42.195Z] 切换到新标签页
[2025-04-30T17:01:42.195Z] 等待页面加载
[2025-04-30T17:01:42.196Z] 页面加载完成
[2025-04-30T17:01:42.206Z] 价格表格是否可见：false
[2025-04-30T17:01:42.207Z] 本地店铺 한빛2020 的价格：undefined
[2025-04-30T17:01:42.207Z] 当前价格已经是最低，无需调价
[2025-04-30T17:01:42.207Z] 处理商品：11759985125
[2025-04-30T17:01:42.223Z] 开始打开管理端页面
[2025-04-30T17:01:44.944Z] 管理端页面加载完成
[2025-04-30T17:01:44.944Z] 等待 3 秒后继续
[2025-04-30T17:01:47.752Z] 开始打开价格比较页面
[2025-04-30T17:01:51.088Z] 价格比较页面加载完成
[2025-04-30T17:01:51.089Z] 等待 1 秒后继续
[2025-04-30T17:01:52.527Z] 开始处理商品：11759985125
[2025-04-30T17:01:52.528Z] 商品URL：https://search.shopping.naver.com/catalog/42056764675
[2025-04-30T17:01:52.528Z] 最低价限制：8000
[2025-04-30T17:01:52.528Z] 开始输入产品码
[2025-04-30T17:01:55.034Z] 产品码输入完成
[2025-04-30T17:01:55.034Z] 等待 1 秒后点击查询
[2025-04-30T17:01:55.595Z] 点击查询按钮
[2025-04-30T17:01:58.201Z] 查询完成，等待结果加载
[2025-04-30T17:01:58.201Z] 等待 2 秒后继续
[2025-04-30T17:02:00.318Z] 提取商品ID：42056764675
[2025-04-30T17:02:00.318Z] 开始点击商品链接
[2025-04-30T17:02:00.411Z] 商品链接点击完成
[2025-04-30T17:02:00.411Z] 等待新标签页打开
[2025-04-30T17:02:01.413Z] 等待新标签页，第 1 次尝试
[2025-04-30T17:02:01.413Z] 新标签页已打开
[2025-04-30T17:02:01.415Z] 切换到新标签页
[2025-04-30T17:02:01.415Z] 等待页面加载
[2025-04-30T17:02:01.416Z] 页面加载完成
[2025-04-30T17:02:01.426Z] 价格表格是否可见：false
[2025-04-30T17:02:01.426Z] 本地店铺 한빛2020 的价格：undefined
[2025-04-30T17:02:01.427Z] 当前价格已经是最低，无需调价
[2025-04-30T17:02:01.427Z] 处理商品：11562419523
[2025-04-30T17:02:01.442Z] 开始打开管理端页面
[2025-04-30T17:02:04.475Z] 管理端页面加载完成
[2025-04-30T17:02:04.475Z] 等待 5 秒后继续
[2025-04-30T17:02:08.989Z] 开始打开价格比较页面
[2025-04-30T17:02:12.261Z] 价格比较页面加载完成
[2025-04-30T17:02:12.262Z] 等待 2 秒后继续
[2025-04-30T17:02:13.771Z] 开始处理商品：11562419523
[2025-04-30T17:02:13.771Z] 商品URL：https://search.shopping.naver.com/catalog/38241303219
[2025-04-30T17:02:13.771Z] 最低价限制：30200
[2025-04-30T17:02:13.771Z] 开始输入产品码
[2025-04-30T17:02:15.826Z] 产品码输入完成
[2025-04-30T17:02:15.827Z] 等待 2 秒后点击查询
[2025-04-30T17:02:17.413Z] 点击查询按钮
[2025-04-30T17:02:20.899Z] 查询完成，等待结果加载
[2025-04-30T17:02:20.899Z] 等待 3 秒后继续
[2025-04-30T17:02:23.774Z] 提取商品ID：38241303219
[2025-04-30T17:02:23.775Z] 开始点击商品链接
[2025-04-30T17:02:23.884Z] 商品链接点击完成
[2025-04-30T17:02:23.884Z] 等待新标签页打开
[2025-04-30T17:02:24.885Z] 等待新标签页，第 1 次尝试
[2025-04-30T17:02:24.885Z] 新标签页已打开
[2025-04-30T17:02:24.886Z] 切换到新标签页
[2025-04-30T17:02:24.886Z] 等待页面加载
[2025-04-30T17:02:24.887Z] 页面加载完成
[2025-04-30T17:02:24.897Z] 价格表格是否可见：false
[2025-04-30T17:02:24.898Z] 本地店铺 한빛2020 的价格：undefined
[2025-04-30T17:02:24.898Z] 当前价格已经是最低，无需调价
[2025-04-30T17:02:24.898Z] 处理商品：11507511248
[2025-04-30T17:02:24.913Z] 开始打开管理端页面
[2025-04-30T17:02:27.655Z] 管理端页面加载完成
[2025-04-30T17:02:27.656Z] 等待 3 秒后继续
[2025-04-30T17:02:30.880Z] 开始打开价格比较页面
[2025-04-30T17:02:34.537Z] 价格比较页面加载完成
[2025-04-30T17:02:34.538Z] 等待 1 秒后继续
[2025-04-30T17:02:35.563Z] 开始处理商品：11507511248
[2025-04-30T17:02:35.563Z] 商品URL：https://search.shopping.naver.com/catalog/41067562385
[2025-04-30T17:02:35.564Z] 最低价限制：7900
[2025-04-30T17:02:35.564Z] 开始输入产品码
[2025-04-30T17:02:37.982Z] 产品码输入完成
[2025-04-30T17:02:37.983Z] 等待 2 秒后点击查询
[2025-04-30T17:02:39.664Z] 点击查询按钮
[2025-04-30T17:02:42.430Z] 查询完成，等待结果加载
[2025-04-30T17:02:42.430Z] 等待 4 秒后继续
[2025-04-30T17:02:46.239Z] 提取商品ID：41067562385
[2025-04-30T17:02:46.240Z] 开始点击商品链接
[2025-04-30T17:02:46.343Z] 商品链接点击完成
[2025-04-30T17:02:46.343Z] 等待新标签页打开
[2025-04-30T17:02:47.344Z] 等待新标签页，第 1 次尝试
[2025-04-30T17:02:47.344Z] 新标签页已打开
[2025-04-30T17:02:47.346Z] 切换到新标签页
[2025-04-30T17:02:47.346Z] 等待页面加载
[2025-04-30T17:02:47.347Z] 页面加载完成
[2025-04-30T17:02:47.356Z] 价格表格是否可见：false
[2025-04-30T17:02:47.356Z] 本地店铺 한빛2020 的价格：undefined
[2025-04-30T17:02:47.357Z] 当前价格已经是最低，无需调价
[2025-04-30T17:02:47.357Z] 处理商品：11721701358
[2025-04-30T17:02:47.372Z] 开始打开管理端页面
[2025-04-30T17:02:49.916Z] 管理端页面加载完成
[2025-04-30T17:02:49.916Z] 等待 5 秒后继续
[2025-04-30T17:02:54.578Z] 开始打开价格比较页面
[2025-04-30T17:02:57.384Z] 价格比较页面加载完成
[2025-04-30T17:02:57.384Z] 等待 2 秒后继续
[2025-04-30T17:02:59.546Z] 开始处理商品：11721701358
[2025-04-30T17:02:59.546Z] 商品URL：https://search.shopping.naver.com/catalog/51947022092
[2025-04-30T17:02:59.546Z] 最低价限制：18000
[2025-04-30T17:02:59.547Z] 开始输入产品码
[2025-04-30T17:03:01.902Z] 产品码输入完成
[2025-04-30T17:03:01.902Z] 等待 1 秒后点击查询
[2025-04-30T17:03:02.545Z] 点击查询按钮
[2025-04-30T17:03:05.016Z] 查询完成，等待结果加载
[2025-04-30T17:03:05.017Z] 等待 4 秒后继续
[2025-04-30T17:03:08.603Z] 提取商品ID：51947022092
[2025-04-30T17:03:08.603Z] 开始点击商品链接
[2025-04-30T17:03:08.706Z] 商品链接点击完成
[2025-04-30T17:03:08.706Z] 等待新标签页打开
[2025-04-30T17:03:09.706Z] 等待新标签页，第 1 次尝试
[2025-04-30T17:03:09.706Z] 新标签页已打开
[2025-04-30T17:03:09.707Z] 切换到新标签页
[2025-04-30T17:03:09.708Z] 等待页面加载
[2025-04-30T17:03:09.708Z] 页面加载完成
[2025-04-30T17:03:09.718Z] 价格表格是否可见：false
[2025-04-30T17:03:09.718Z] 本地店铺 한빛2020 的价格：undefined
[2025-04-30T17:03:09.719Z] 当前价格已经是最低，无需调价
[2025-04-30T17:03:09.719Z] 处理商品：11760260458
[2025-04-30T17:03:09.734Z] 开始打开管理端页面
[2025-04-30T17:03:12.604Z] 管理端页面加载完成
[2025-04-30T17:03:12.604Z] 等待 3 秒后继续
[2025-04-30T17:03:15.145Z] 开始打开价格比较页面
[2025-04-30T17:03:17.788Z] 价格比较页面加载完成
[2025-04-30T17:03:17.788Z] 等待 2 秒后继续
[2025-04-30T17:03:19.891Z] 开始处理商品：11760260458
[2025-04-30T17:03:19.892Z] 商品URL：https://search.shopping.naver.com/catalog/46085270279
[2025-04-30T17:03:19.892Z] 最低价限制：15000
[2025-04-30T17:03:19.892Z] 开始输入产品码
[2025-04-30T17:03:22.416Z] 产品码输入完成
[2025-04-30T17:03:22.417Z] 等待 2 秒后点击查询
[2025-04-30T17:03:24.262Z] 点击查询按钮
[2025-04-30T17:03:35.889Z] 查询完成，等待结果加载
[2025-04-30T17:03:35.889Z] 等待 3 秒后继续
[2025-04-30T17:03:39.344Z] 提取商品ID：46085270279
[2025-04-30T17:03:39.345Z] 开始点击商品链接
[2025-04-30T17:03:39.447Z] 商品链接点击完成
[2025-04-30T17:03:39.448Z] 等待新标签页打开
[2025-04-30T17:03:40.449Z] 等待新标签页，第 1 次尝试
[2025-04-30T17:03:40.450Z] 新标签页已打开
[2025-04-30T17:03:40.451Z] 切换到新标签页
[2025-04-30T17:03:40.451Z] 等待页面加载
[2025-04-30T17:03:40.452Z] 页面加载完成
[2025-04-30T17:03:40.462Z] 价格表格是否可见：false
[2025-04-30T17:03:40.462Z] 本地店铺 한빛2020 的价格：undefined
[2025-04-30T17:03:40.463Z] 当前价格已经是最低，无需调价
[2025-04-30T17:03:40.463Z] 处理商品：11764437354
[2025-04-30T17:03:40.477Z] 开始打开管理端页面
[2025-04-30T17:03:45.296Z] 管理端页面加载完成
[2025-04-30T17:03:45.297Z] 等待 4 秒后继续
[2025-04-30T17:03:49.644Z] 开始打开价格比较页面
[2025-04-30T17:03:52.261Z] 价格比较页面加载完成
[2025-04-30T17:03:52.261Z] 等待 2 秒后继续
[2025-04-30T17:03:54.034Z] 开始处理商品：11764437354
[2025-04-30T17:03:54.034Z] 商品URL：https://search.shopping.naver.com/catalog/54190904515
[2025-04-30T17:03:54.034Z] 最低价限制：30000
[2025-04-30T17:03:54.034Z] 开始输入产品码
[2025-04-30T17:03:56.559Z] 产品码输入完成
[2025-04-30T17:03:56.559Z] 等待 1 秒后点击查询
[2025-04-30T17:03:57.453Z] 点击查询按钮
[2025-04-30T17:04:21.494Z] 查询完成，等待结果加载
[2025-04-30T17:04:21.494Z] 等待 3 秒后继续
[2025-04-30T17:04:24.677Z] 提取商品ID：54190904515
[2025-04-30T17:04:24.677Z] 开始点击商品链接
[2025-04-30T17:04:24.785Z] 商品链接点击完成
[2025-04-30T17:04:24.786Z] 等待新标签页打开
[2025-04-30T17:04:25.787Z] 等待新标签页，第 1 次尝试
[2025-04-30T17:04:25.787Z] 新标签页已打开
[2025-04-30T17:04:25.789Z] 切换到新标签页
[2025-04-30T17:04:25.789Z] 等待页面加载
[2025-04-30T17:04:25.790Z] 页面加载完成
[2025-04-30T17:04:25.800Z] 价格表格是否可见：false
[2025-04-30T17:04:25.800Z] 本地店铺 한빛2020 的价格：undefined
[2025-04-30T17:04:25.800Z] 当前价格已经是最低，无需调价
[2025-04-30T17:04:25.800Z] 处理商品：11635568453
[2025-04-30T17:04:25.816Z] 开始打开管理端页面
[2025-04-30T17:04:32.297Z] 管理端页面加载完成
[2025-04-30T17:04:32.297Z] 等待 3 秒后继续
[2025-04-30T17:04:35.510Z] 开始打开价格比较页面
[2025-04-30T17:05:00.637Z] 价格比较页面加载完成
[2025-04-30T17:05:00.638Z] 等待 1 秒后继续
[2025-04-30T17:05:01.731Z] 开始处理商品：11635568453
[2025-04-30T17:05:01.731Z] 商品URL：https://search.shopping.naver.com/catalog/52342876584
[2025-04-30T17:05:01.732Z] 最低价限制：10480
[2025-04-30T17:05:01.732Z] 开始输入产品码
[2025-04-30T17:05:04.387Z] 产品码输入完成
[2025-04-30T17:05:04.387Z] 等待 1 秒后点击查询
[2025-04-30T17:05:05.235Z] 点击查询按钮
[2025-04-30T17:05:10.080Z] 查询完成，等待结果加载
[2025-04-30T17:05:10.080Z] 等待 3 秒后继续
[2025-04-30T17:05:13.455Z] 提取商品ID：52342876584
[2025-04-30T17:05:13.456Z] 开始点击商品链接
[2025-04-30T17:05:13.569Z] 商品链接点击完成
[2025-04-30T17:05:13.569Z] 等待新标签页打开
[2025-04-30T17:05:14.571Z] 等待新标签页，第 1 次尝试
[2025-04-30T17:05:14.572Z] 新标签页已打开
[2025-04-30T17:05:14.573Z] 切换到新标签页
[2025-04-30T17:05:14.573Z] 等待页面加载
[2025-04-30T17:05:14.574Z] 页面加载完成
[2025-04-30T17:05:14.584Z] 价格表格是否可见：false
[2025-04-30T17:05:14.585Z] 本地店铺 한빛2020 的价格：undefined
[2025-04-30T17:05:14.585Z] 当前价格已经是最低，无需调价
[2025-04-30T17:05:14.585Z] 处理商品：11764055904
[2025-04-30T17:05:14.600Z] 开始打开管理端页面
[2025-04-30T17:05:17.660Z] 管理端页面加载完成
[2025-04-30T17:05:17.660Z] 等待 4 秒后继续
[2025-04-30T17:05:21.777Z] 开始打开价格比较页面
[2025-04-30T17:05:25.597Z] 价格比较页面加载完成
[2025-04-30T17:05:25.597Z] 等待 1 秒后继续
[2025-04-30T17:05:26.769Z] 开始处理商品：11764055904
[2025-04-30T17:05:26.769Z] 商品URL：https://search.shopping.naver.com/catalog/51346752871
[2025-04-30T17:05:26.770Z] 最低价限制：9000
[2025-04-30T17:05:26.770Z] 开始输入产品码
[2025-04-30T17:05:29.123Z] 产品码输入完成
[2025-04-30T17:05:29.124Z] 等待 2 秒后点击查询
[2025-04-30T17:05:30.767Z] 点击查询按钮
[2025-04-30T17:05:33.640Z] 查询完成，等待结果加载
[2025-04-30T17:05:33.640Z] 等待 3 秒后继续
[2025-04-30T17:05:36.691Z] 提取商品ID：51346752871
[2025-04-30T17:05:36.691Z] 开始点击商品链接
[2025-04-30T17:05:36.794Z] 商品链接点击完成
[2025-04-30T17:05:36.794Z] 等待新标签页打开
[2025-04-30T17:05:37.795Z] 等待新标签页，第 1 次尝试
[2025-04-30T17:05:37.795Z] 新标签页已打开
[2025-04-30T17:05:37.796Z] 切换到新标签页
[2025-04-30T17:05:37.796Z] 等待页面加载
[2025-04-30T17:05:37.797Z] 页面加载完成
[2025-04-30T17:05:37.808Z] 价格表格是否可见：false
[2025-04-30T17:05:37.808Z] 本地店铺 한빛2020 的价格：undefined
[2025-04-30T17:05:37.808Z] 当前价格已经是最低，无需调价
[2025-04-30T17:05:37.809Z] 处理商品：11567573309
[2025-04-30T17:05:37.823Z] 开始打开管理端页面
[2025-04-30T17:05:41.797Z] 管理端页面加载完成
[2025-04-30T17:05:41.797Z] 等待 5 秒后继续
[2025-04-30T17:05:46.749Z] 开始打开价格比较页面
[2025-04-30T17:05:49.722Z] 价格比较页面加载完成
[2025-04-30T17:05:49.722Z] 等待 3 秒后继续
[2025-04-30T17:05:52.257Z] 开始处理商品：11567573309
[2025-04-30T17:05:52.257Z] 商品URL：https://search.shopping.naver.com/catalog/48029400236
[2025-04-30T17:05:52.257Z] 最低价限制：12200
[2025-04-30T17:05:52.257Z] 开始输入产品码
[2025-04-30T17:05:54.497Z] 产品码输入完成
[2025-04-30T17:05:54.497Z] 等待 1 秒后点击查询
[2025-04-30T17:05:55.514Z] 点击查询按钮
[2025-04-30T17:05:58.254Z] 查询完成，等待结果加载
[2025-04-30T17:05:58.254Z] 等待 3 秒后继续
[2025-04-30T17:06:01.488Z] 提取商品ID：48029400236
[2025-04-30T17:06:01.488Z] 开始点击商品链接
[2025-04-30T17:06:01.595Z] 商品链接点击完成
[2025-04-30T17:06:01.595Z] 等待新标签页打开
[2025-04-30T17:06:02.596Z] 等待新标签页，第 1 次尝试
[2025-04-30T17:06:02.596Z] 新标签页已打开
[2025-04-30T17:06:02.598Z] 切换到新标签页
[2025-04-30T17:06:02.598Z] 等待页面加载
[2025-04-30T17:06:02.599Z] 页面加载完成
[2025-04-30T17:06:02.609Z] 价格表格是否可见：false
[2025-04-30T17:06:02.609Z] 本地店铺 한빛2020 的价格：undefined
[2025-04-30T17:06:02.609Z] 当前价格已经是最低，无需调价
[2025-04-30T17:06:02.609Z] 处理商品：11597162528
[2025-04-30T17:06:02.624Z] 开始打开管理端页面
[2025-04-30T17:06:05.166Z] 管理端页面加载完成
[2025-04-30T17:06:05.166Z] 等待 3 秒后继续
[2025-04-30T17:06:08.030Z] 开始打开价格比较页面
[2025-04-30T17:06:10.653Z] 价格比较页面加载完成
[2025-04-30T17:06:10.653Z] 等待 2 秒后继续
[2025-04-30T17:06:12.541Z] 开始处理商品：11597162528
[2025-04-30T17:06:12.542Z] 商品URL：https://search.shopping.naver.com/catalog/46318084011
[2025-04-30T17:06:12.542Z] 最低价限制：53930
[2025-04-30T17:06:12.542Z] 开始输入产品码
[2025-04-30T17:06:14.980Z] 产品码输入完成
[2025-04-30T17:06:14.981Z] 等待 2 秒后点击查询
[2025-04-30T17:06:16.854Z] 点击查询按钮
[2025-04-30T17:06:19.564Z] 查询完成，等待结果加载
[2025-04-30T17:06:19.564Z] 等待 4 秒后继续
[2025-04-30T17:06:23.170Z] 提取商品ID：46318084011
[2025-04-30T17:06:23.171Z] 开始点击商品链接
[2025-04-30T17:06:23.285Z] 商品链接点击完成
[2025-04-30T17:06:23.285Z] 等待新标签页打开
[2025-04-30T17:06:24.286Z] 等待新标签页，第 1 次尝试
[2025-04-30T17:06:24.286Z] 新标签页已打开
[2025-04-30T17:06:24.287Z] 切换到新标签页
[2025-04-30T17:06:24.288Z] 等待页面加载
[2025-04-30T17:06:24.288Z] 页面加载完成
[2025-04-30T17:06:24.298Z] 价格表格是否可见：false
[2025-04-30T17:06:24.299Z] 本地店铺 한빛2020 的价格：undefined
[2025-04-30T17:06:24.299Z] 当前价格已经是最低，无需调价
[2025-04-30T17:06:24.299Z] 处理商品：11597112816
[2025-04-30T17:06:24.313Z] 开始打开管理端页面
[2025-04-30T17:06:27.514Z] 管理端页面加载完成
[2025-04-30T17:06:27.514Z] 等待 4 秒后继续
[2025-04-30T17:06:31.434Z] 开始打开价格比较页面
[2025-04-30T17:06:35.839Z] 价格比较页面加载完成
[2025-04-30T17:06:35.839Z] 等待 2 秒后继续
[2025-04-30T17:06:37.749Z] 开始处理商品：11597112816
[2025-04-30T17:06:37.749Z] 商品URL：https://search.shopping.naver.com/catalog/49898193344
[2025-04-30T17:06:37.750Z] 最低价限制：16800
[2025-04-30T17:06:37.750Z] 开始输入产品码
[2025-04-30T17:06:40.199Z] 产品码输入完成
[2025-04-30T17:06:40.199Z] 等待 2 秒后点击查询
[2025-04-30T17:06:41.976Z] 点击查询按钮
[2025-04-30T17:06:44.832Z] 查询完成，等待结果加载
[2025-04-30T17:06:44.832Z] 等待 3 秒后继续
[2025-04-30T17:06:47.832Z] 提取商品ID：49898193344
[2025-04-30T17:06:47.832Z] 开始点击商品链接
[2025-04-30T17:06:47.939Z] 商品链接点击完成
[2025-04-30T17:06:47.939Z] 等待新标签页打开
[2025-04-30T17:06:48.940Z] 等待新标签页，第 1 次尝试
[2025-04-30T17:06:48.940Z] 新标签页已打开
[2025-04-30T17:06:48.941Z] 切换到新标签页
[2025-04-30T17:06:48.941Z] 等待页面加载
[2025-04-30T17:06:48.942Z] 页面加载完成
[2025-04-30T17:06:48.951Z] 价格表格是否可见：false
[2025-04-30T17:06:48.952Z] 本地店铺 한빛2020 的价格：undefined
[2025-04-30T17:06:48.952Z] 当前价格已经是最低，无需调价
[2025-04-30T17:06:48.952Z] 处理商品：11713298090
[2025-04-30T17:06:48.967Z] 开始打开管理端页面
[2025-04-30T17:06:52.489Z] 管理端页面加载完成
[2025-04-30T17:06:52.489Z] 等待 4 秒后继续
[2025-04-30T17:06:56.956Z] 开始打开价格比较页面
[2025-04-30T17:07:00.563Z] 价格比较页面加载完成
[2025-04-30T17:07:00.564Z] 等待 1 秒后继续
[2025-04-30T17:07:01.757Z] 开始处理商品：11713298090
[2025-04-30T17:07:01.757Z] 商品URL：https://search.shopping.naver.com/catalog/49256655583
[2025-04-30T17:07:01.757Z] 最低价限制：11200
[2025-04-30T17:07:01.757Z] 开始输入产品码
[2025-04-30T17:07:03.791Z] 产品码输入完成
[2025-04-30T17:07:03.791Z] 等待 1 秒后点击查询
[2025-04-30T17:07:05.012Z] 点击查询按钮
[2025-04-30T17:07:07.466Z] 查询完成，等待结果加载
[2025-04-30T17:07:07.466Z] 等待 4 秒后继续
[2025-04-30T17:07:11.412Z] 提取商品ID：49256655583
[2025-04-30T17:07:11.412Z] 开始点击商品链接
[2025-04-30T17:07:11.506Z] 商品链接点击完成
[2025-04-30T17:07:11.506Z] 等待新标签页打开
[2025-04-30T17:07:12.506Z] 等待新标签页，第 1 次尝试
[2025-04-30T17:07:12.507Z] 新标签页已打开
[2025-04-30T17:07:12.508Z] 切换到新标签页
[2025-04-30T17:07:12.508Z] 等待页面加载
[2025-04-30T17:07:12.509Z] 页面加载完成
[2025-04-30T17:07:12.519Z] 价格表格是否可见：false
[2025-04-30T17:07:12.519Z] 本地店铺 한빛2020 的价格：undefined
[2025-04-30T17:07:12.520Z] 当前价格已经是最低，无需调价
[2025-04-30T17:07:12.520Z] 处理商品：11709684597
[2025-04-30T17:07:12.536Z] 开始打开管理端页面
[2025-04-30T17:07:15.232Z] 管理端页面加载完成
[2025-04-30T17:07:15.232Z] 等待 3 秒后继续
[2025-04-30T17:07:18.550Z] 开始打开价格比较页面
[2025-04-30T17:07:21.087Z] 价格比较页面加载完成
[2025-04-30T17:07:21.088Z] 等待 3 秒后继续
[2025-04-30T17:07:23.844Z] 开始处理商品：11709684597
[2025-04-30T17:07:23.844Z] 商品URL：https://search.shopping.naver.com/catalog/41457457492
[2025-04-30T17:07:23.844Z] 最低价限制：9000
[2025-04-30T17:07:23.845Z] 开始输入产品码
[2025-04-30T17:07:25.976Z] 产品码输入完成
[2025-04-30T17:07:25.976Z] 等待 1 秒后点击查询
[2025-04-30T17:07:26.587Z] 点击查询按钮
[2025-04-30T17:07:29.210Z] 查询完成，等待结果加载
[2025-04-30T17:07:29.210Z] 等待 4 秒后继续
[2025-04-30T17:07:33.123Z] 提取商品ID：41457457492
[2025-04-30T17:07:33.123Z] 开始点击商品链接
[2025-04-30T17:07:33.220Z] 商品链接点击完成
[2025-04-30T17:07:33.220Z] 等待新标签页打开
[2025-04-30T17:07:34.221Z] 等待新标签页，第 1 次尝试
[2025-04-30T17:07:34.221Z] 新标签页已打开
[2025-04-30T17:07:34.222Z] 切换到新标签页
[2025-04-30T17:07:34.222Z] 等待页面加载
[2025-04-30T17:07:34.223Z] 页面加载完成
[2025-04-30T17:07:34.233Z] 价格表格是否可见：false
[2025-04-30T17:07:34.233Z] 本地店铺 한빛2020 的价格：undefined
[2025-04-30T17:07:34.233Z] 当前价格已经是最低，无需调价
[2025-04-30T17:07:34.233Z] 处理商品：11722149447
[2025-04-30T17:07:34.250Z] 开始打开管理端页面
[2025-04-30T17:07:37.409Z] 管理端页面加载完成
[2025-04-30T17:07:37.409Z] 等待 2 秒后继续
[2025-04-30T17:07:39.871Z] 开始打开价格比较页面
[2025-04-30T17:07:42.650Z] 价格比较页面加载完成
[2025-04-30T17:07:42.650Z] 等待 3 秒后继续
[2025-04-30T17:07:45.348Z] 开始处理商品：11722149447
[2025-04-30T17:07:45.348Z] 商品URL：https://search.shopping.naver.com/catalog/53878060348
[2025-04-30T17:07:45.348Z] 最低价限制：6700
[2025-04-30T17:07:45.349Z] 开始输入产品码
[2025-04-30T17:07:47.927Z] 产品码输入完成
[2025-04-30T17:07:47.927Z] 等待 2 秒后点击查询
[2025-04-30T17:07:49.896Z] 点击查询按钮
[2025-04-30T17:07:52.273Z] 查询完成，等待结果加载
[2025-04-30T17:07:52.274Z] 等待 2 秒后继续
[2025-04-30T17:07:54.526Z] 提取商品ID：53878060348
[2025-04-30T17:07:54.527Z] 开始点击商品链接
[2025-04-30T17:07:54.636Z] 商品链接点击完成
[2025-04-30T17:07:54.636Z] 等待新标签页打开
[2025-04-30T17:07:55.637Z] 等待新标签页，第 1 次尝试
[2025-04-30T17:07:55.637Z] 新标签页已打开
[2025-04-30T17:07:55.638Z] 切换到新标签页
[2025-04-30T17:07:55.638Z] 等待页面加载
[2025-04-30T17:07:55.639Z] 页面加载完成
[2025-04-30T17:07:55.650Z] 价格表格是否可见：false
[2025-04-30T17:07:55.650Z] 本地店铺 한빛2020 的价格：undefined
[2025-04-30T17:07:55.650Z] 当前价格已经是最低，无需调价
[2025-04-30T17:07:55.650Z] 处理商品：11594484184
[2025-04-30T17:07:55.666Z] 开始打开管理端页面
[2025-04-30T17:07:58.297Z] 管理端页面加载完成
[2025-04-30T17:07:58.297Z] 等待 3 秒后继续
[2025-04-30T17:08:01.135Z] 开始打开价格比较页面
[2025-04-30T17:08:05.214Z] 价格比较页面加载完成
[2025-04-30T17:08:05.214Z] 等待 3 秒后继续
[2025-04-30T17:08:06.784Z] 发生错误: Target page, context or browser has been closed
[2025-04-30T17:08:06.785Z] 无法获取页面进行截图: context is not defined
[2025-04-30T17:08:06.785Z] 按任意键退出...
