[2025-04-30T15:57:07.135Z] 程序启动
[2025-04-30T15:57:07.136Z] 启动浏览器
[2025-04-30T15:57:07.390Z] 加载浏览器状态
[2025-04-30T15:57:07.770Z] 打开dashboard页面
[2025-04-30T15:57:15.922Z] 当前url：https://sell.smartstore.naver.com/#/home/dashboard
[2025-04-30T15:57:15.922Z] 开始处理文件夹：D:\myproject\auto_d_price\run
[2025-04-30T15:57:15.923Z] 找到 1 个Excel文件
[2025-04-30T15:57:15.923Z] 处理文件：20250411_152655_炼沥 捞仿(1)(1).xlsx
[2025-04-30T15:57:15.967Z] 文件 20250411_152655_炼沥 捞仿(1)(1).xlsx 包含 68 条数据
[2025-04-30T15:57:15.967Z] 处理商品：11709574470
[2025-04-30T15:57:15.968Z] 开始打开管理端页面
[2025-04-30T15:57:21.582Z] 管理端页面加载完成
[2025-04-30T15:57:21.582Z] 等待 4 秒后继续
[2025-04-30T15:57:25.963Z] 开始打开价格比较页面
[2025-04-30T15:57:28.241Z] 价格比较页面加载完成
[2025-04-30T15:57:28.242Z] 等待 2 秒后继续
[2025-04-30T15:57:30.476Z] 开始处理商品：11709574470
[2025-04-30T15:57:30.476Z] 商品URL：https://search.shopping.naver.com/catalog/35492087515
[2025-04-30T15:57:30.477Z] 最低价限制：31000
[2025-04-30T15:57:30.478Z] 开始输入产品码
[2025-04-30T15:57:33.064Z] 产品码输入完成
[2025-04-30T15:57:33.064Z] 等待 2 秒后点击查询
[2025-04-30T15:57:35.065Z] 点击查询按钮
[2025-04-30T15:57:36.721Z] 查询完成，等待结果加载
[2025-04-30T15:57:36.722Z] 等待 2 秒后继续
[2025-04-30T15:57:39.222Z] 提取商品ID：35492087515
[2025-04-30T15:57:39.223Z] 开始点击商品链接
[2025-04-30T15:57:39.287Z] 商品链接点击完成
[2025-04-30T15:57:39.288Z] 等待新标签页打开
[2025-04-30T15:57:40.288Z] 等待新标签页，第 1 次尝试
[2025-04-30T15:57:41.289Z] 等待新标签页，第 2 次尝试
[2025-04-30T15:57:41.289Z] 新标签页已打开
[2025-04-30T15:57:41.290Z] 切换到新标签页
[2025-04-30T15:57:41.291Z] 等待页面加载
[2025-04-30T15:57:42.134Z] 页面加载完成
[2025-04-30T15:57:42.144Z] 价格表格是否可见：true
[2025-04-30T15:57:42.151Z] 找到 10 个价格记录
[2025-04-30T15:57:42.162Z] 处理商品时发生错误：price_map is not defined
[2025-04-30T15:57:42.163Z] 错误堆栈：ReferenceError: price_map is not defined
    at D:\myproject\auto_d_price\main.js:284:33
[2025-04-30T15:57:42.163Z] 处理商品：11515866894
[2025-04-30T15:57:42.185Z] 开始打开管理端页面
[2025-04-30T15:57:44.215Z] 管理端页面加载完成
[2025-04-30T15:57:44.215Z] 等待 5 秒后继续
[2025-04-30T15:57:49.196Z] 开始打开价格比较页面
[2025-04-30T15:57:50.945Z] 价格比较页面加载完成
[2025-04-30T15:57:50.946Z] 等待 2 秒后继续
[2025-04-30T15:57:52.503Z] 开始处理商品：11515866894
[2025-04-30T15:57:52.503Z] 商品URL：https://search.shopping.naver.com/catalog/43242965725
[2025-04-30T15:57:52.504Z] 最低价限制：16950
[2025-04-30T15:57:52.504Z] 开始输入产品码
[2025-04-30T15:57:54.590Z] 产品码输入完成
[2025-04-30T15:57:54.590Z] 等待 1 秒后点击查询
[2025-04-30T15:57:55.336Z] 点击查询按钮
[2025-04-30T15:57:57.046Z] 查询完成，等待结果加载
[2025-04-30T15:57:57.046Z] 等待 3 秒后继续
[2025-04-30T15:57:59.897Z] 提取商品ID：43242965725
[2025-04-30T15:57:59.897Z] 开始点击商品链接
[2025-04-30T15:57:59.943Z] 商品链接点击完成
[2025-04-30T15:57:59.943Z] 等待新标签页打开
[2025-04-30T15:58:00.945Z] 等待新标签页，第 1 次尝试
[2025-04-30T15:58:01.946Z] 等待新标签页，第 2 次尝试
[2025-04-30T15:58:01.946Z] 新标签页已打开
[2025-04-30T15:58:01.947Z] 切换到新标签页
[2025-04-30T15:58:01.948Z] 等待页面加载
[2025-04-30T15:58:01.971Z] 页面加载完成
[2025-04-30T15:58:01.982Z] 价格表格是否可见：true
[2025-04-30T15:58:01.985Z] 找到 10 个价格记录
[2025-04-30T15:58:01.997Z] 处理商品时发生错误：price_map is not defined
[2025-04-30T15:58:01.997Z] 错误堆栈：ReferenceError: price_map is not defined
    at D:\myproject\auto_d_price\main.js:284:33
[2025-04-30T15:58:01.998Z] 处理商品：11529334473
[2025-04-30T15:58:02.017Z] 开始打开管理端页面
[2025-04-30T15:58:04.138Z] 管理端页面加载完成
[2025-04-30T15:58:04.138Z] 等待 2 秒后继续
[2025-04-30T15:58:06.144Z] 开始打开价格比较页面
[2025-04-30T15:58:07.951Z] 价格比较页面加载完成
[2025-04-30T15:58:07.951Z] 等待 2 秒后继续
[2025-04-30T15:58:10.178Z] 开始处理商品：11529334473
[2025-04-30T15:58:10.179Z] 商品URL：https://search.shopping.naver.com/catalog/35675942365
[2025-04-30T15:58:10.179Z] 最低价限制：6000
[2025-04-30T15:58:10.179Z] 开始输入产品码
[2025-04-30T15:58:12.514Z] 产品码输入完成
[2025-04-30T15:58:12.515Z] 等待 1 秒后点击查询
[2025-04-30T15:58:13.151Z] 点击查询按钮
[2025-04-30T15:58:14.819Z] 查询完成，等待结果加载
[2025-04-30T15:58:14.819Z] 等待 4 秒后继续
[2025-04-30T15:58:18.559Z] 提取商品ID：35675942365
[2025-04-30T15:58:18.559Z] 开始点击商品链接
[2025-04-30T15:58:18.607Z] 商品链接点击完成
[2025-04-30T15:58:18.608Z] 等待新标签页打开
[2025-04-30T15:58:19.609Z] 等待新标签页，第 1 次尝试
[2025-04-30T15:58:19.609Z] 新标签页已打开
[2025-04-30T15:58:19.610Z] 切换到新标签页
[2025-04-30T15:58:19.610Z] 等待页面加载
[2025-04-30T15:58:20.780Z] 页面加载完成
[2025-04-30T15:58:20.791Z] 价格表格是否可见：true
[2025-04-30T15:58:20.794Z] 找到 9 个价格记录
[2025-04-30T15:58:20.799Z] 处理商品时发生错误：price_map is not defined
[2025-04-30T15:58:20.800Z] 错误堆栈：ReferenceError: price_map is not defined
    at D:\myproject\auto_d_price\main.js:284:33
[2025-04-30T15:58:20.800Z] 处理商品：11562237310
[2025-04-30T15:58:20.820Z] 开始打开管理端页面
[2025-04-30T15:58:22.793Z] 管理端页面加载完成
[2025-04-30T15:58:22.793Z] 等待 4 秒后继续
[2025-04-30T15:58:27.113Z] 开始打开价格比较页面
[2025-04-30T15:58:28.876Z] 价格比较页面加载完成
[2025-04-30T15:58:28.876Z] 等待 1 秒后继续
[2025-04-30T15:58:30.146Z] 开始处理商品：11562237310
[2025-04-30T15:58:30.146Z] 商品URL：https://search.shopping.naver.com/catalog/51881793575
[2025-04-30T15:58:30.146Z] 最低价限制：6500
[2025-04-30T15:58:30.147Z] 开始输入产品码
[2025-04-30T15:58:32.849Z] 产品码输入完成
[2025-04-30T15:58:32.849Z] 等待 1 秒后点击查询
[2025-04-30T15:58:33.684Z] 点击查询按钮
[2025-04-30T15:58:35.464Z] 查询完成，等待结果加载
[2025-04-30T15:58:35.464Z] 等待 4 秒后继续
[2025-04-30T15:58:38.984Z] 提取商品ID：51881793575
[2025-04-30T15:58:38.985Z] 开始点击商品链接
[2025-04-30T15:58:39.025Z] 商品链接点击完成
[2025-04-30T15:58:39.026Z] 等待新标签页打开
[2025-04-30T15:58:40.026Z] 等待新标签页，第 1 次尝试
[2025-04-30T15:58:40.026Z] 新标签页已打开
[2025-04-30T15:58:40.027Z] 切换到新标签页
[2025-04-30T15:58:40.027Z] 等待页面加载
[2025-04-30T15:58:40.799Z] 页面加载完成
[2025-04-30T15:58:40.813Z] 价格表格是否可见：true
[2025-04-30T15:58:40.816Z] 找到 10 个价格记录
[2025-04-30T15:58:40.822Z] 处理商品时发生错误：price_map is not defined
[2025-04-30T15:58:40.823Z] 错误堆栈：ReferenceError: price_map is not defined
    at D:\myproject\auto_d_price\main.js:284:33
[2025-04-30T15:58:40.823Z] 处理商品：11721820338
[2025-04-30T15:58:40.848Z] 开始打开管理端页面
[2025-04-30T15:58:43.081Z] 管理端页面加载完成
[2025-04-30T15:58:43.082Z] 等待 4 秒后继续
[2025-04-30T15:58:47.075Z] 开始打开价格比较页面
[2025-04-30T15:58:48.810Z] 价格比较页面加载完成
[2025-04-30T15:58:48.811Z] 等待 2 秒后继续
[2025-04-30T15:58:50.640Z] 开始处理商品：11721820338
[2025-04-30T15:58:50.641Z] 商品URL：https://search.shopping.naver.com/catalog/46633769860
[2025-04-30T15:58:50.641Z] 最低价限制：9400
[2025-04-30T15:58:50.642Z] 开始输入产品码
[2025-04-30T15:58:52.834Z] 产品码输入完成
[2025-04-30T15:58:52.835Z] 等待 1 秒后点击查询
[2025-04-30T15:58:53.818Z] 点击查询按钮
[2025-04-30T15:58:55.461Z] 查询完成，等待结果加载
[2025-04-30T15:58:55.462Z] 等待 4 秒后继续
[2025-04-30T15:58:59.295Z] 提取商品ID：46633769860
[2025-04-30T15:58:59.296Z] 开始点击商品链接
[2025-04-30T15:58:59.338Z] 商品链接点击完成
[2025-04-30T15:58:59.338Z] 等待新标签页打开
[2025-04-30T15:59:00.339Z] 等待新标签页，第 1 次尝试
[2025-04-30T15:59:00.340Z] 新标签页已打开
[2025-04-30T15:59:00.341Z] 切换到新标签页
[2025-04-30T15:59:00.341Z] 等待页面加载
[2025-04-30T15:59:00.968Z] 页面加载完成
[2025-04-30T15:59:00.977Z] 价格表格是否可见：true
[2025-04-30T15:59:00.979Z] 找到 6 个价格记录
[2025-04-30T15:59:00.984Z] 处理商品时发生错误：price_map is not defined
[2025-04-30T15:59:00.985Z] 错误堆栈：ReferenceError: price_map is not defined
    at D:\myproject\auto_d_price\main.js:284:33
[2025-04-30T15:59:00.985Z] 处理商品：11755834995
[2025-04-30T15:59:01.005Z] 开始打开管理端页面
[2025-04-30T15:59:03.002Z] 管理端页面加载完成
[2025-04-30T15:59:03.002Z] 等待 3 秒后继续
[2025-04-30T15:59:06.056Z] 开始打开价格比较页面
[2025-04-30T15:59:07.765Z] 价格比较页面加载完成
[2025-04-30T15:59:07.766Z] 等待 2 秒后继续
[2025-04-30T15:59:09.696Z] 开始处理商品：11755834995
[2025-04-30T15:59:09.697Z] 商品URL：https://search.shopping.naver.com/catalog/43923384665
[2025-04-30T15:59:09.697Z] 最低价限制：11000
[2025-04-30T15:59:09.697Z] 开始输入产品码
[2025-04-30T15:59:11.887Z] 产品码输入完成
[2025-04-30T15:59:11.887Z] 等待 1 秒后点击查询
[2025-04-30T15:59:12.479Z] 点击查询按钮
[2025-04-30T15:59:14.084Z] 查询完成，等待结果加载
[2025-04-30T15:59:14.084Z] 等待 3 秒后继续
[2025-04-30T15:59:16.725Z] 提取商品ID：43923384665
[2025-04-30T15:59:16.725Z] 开始点击商品链接
[2025-04-30T15:59:16.757Z] 商品链接点击完成
[2025-04-30T15:59:16.757Z] 等待新标签页打开
[2025-04-30T15:59:17.757Z] 等待新标签页，第 1 次尝试
[2025-04-30T15:59:17.757Z] 新标签页已打开
[2025-04-30T15:59:17.758Z] 切换到新标签页
[2025-04-30T15:59:17.758Z] 等待页面加载
[2025-04-30T15:59:18.228Z] 页面加载完成
[2025-04-30T15:59:18.236Z] 价格表格是否可见：true
[2025-04-30T15:59:18.238Z] 找到 8 个价格记录
[2025-04-30T15:59:18.250Z] 处理商品时发生错误：price_map is not defined
[2025-04-30T15:59:18.250Z] 错误堆栈：ReferenceError: price_map is not defined
    at D:\myproject\auto_d_price\main.js:284:33
[2025-04-30T15:59:18.250Z] 处理商品：11768484712
[2025-04-30T15:59:18.266Z] 开始打开管理端页面
[2025-04-30T15:59:20.244Z] 管理端页面加载完成
[2025-04-30T15:59:20.244Z] 等待 3 秒后继续
[2025-04-30T15:59:23.525Z] 开始打开价格比较页面
[2025-04-30T15:59:25.691Z] 价格比较页面加载完成
[2025-04-30T15:59:25.691Z] 等待 1 秒后继续
[2025-04-30T15:59:26.832Z] 开始处理商品：11768484712
[2025-04-30T15:59:26.832Z] 商品URL：https://search.shopping.naver.com/catalog/52877019905
[2025-04-30T15:59:26.833Z] 最低价限制：22000
[2025-04-30T15:59:26.833Z] 开始输入产品码
[2025-04-30T15:59:29.068Z] 产品码输入完成
[2025-04-30T15:59:29.068Z] 等待 1 秒后点击查询
[2025-04-30T15:59:29.577Z] 点击查询按钮
[2025-04-30T15:59:31.293Z] 查询完成，等待结果加载
[2025-04-30T15:59:31.293Z] 等待 3 秒后继续
[2025-04-30T15:59:34.646Z] 提取商品ID：52877019905
[2025-04-30T15:59:34.646Z] 开始点击商品链接
[2025-04-30T15:59:34.688Z] 商品链接点击完成
[2025-04-30T15:59:34.688Z] 等待新标签页打开
[2025-04-30T15:59:35.688Z] 等待新标签页，第 1 次尝试
[2025-04-30T15:59:35.688Z] 新标签页已打开
[2025-04-30T15:59:35.689Z] 切换到新标签页
[2025-04-30T15:59:35.690Z] 等待页面加载
[2025-04-30T15:59:36.446Z] 页面加载完成
[2025-04-30T15:59:36.456Z] 价格表格是否可见：true
[2025-04-30T15:59:36.458Z] 找到 10 个价格记录
[2025-04-30T15:59:36.469Z] 处理商品时发生错误：price_map is not defined
[2025-04-30T15:59:36.469Z] 错误堆栈：ReferenceError: price_map is not defined
    at D:\myproject\auto_d_price\main.js:284:33
[2025-04-30T15:59:36.470Z] 处理商品：11747217790
[2025-04-30T15:59:36.496Z] 开始打开管理端页面
[2025-04-30T15:59:38.554Z] 管理端页面加载完成
[2025-04-30T15:59:38.555Z] 等待 5 秒后继续
[2025-04-30T15:59:43.081Z] 开始打开价格比较页面
[2025-04-30T15:59:45.093Z] 价格比较页面加载完成
[2025-04-30T15:59:45.094Z] 等待 1 秒后继续
[2025-04-30T15:59:46.401Z] 开始处理商品：11747217790
[2025-04-30T15:59:46.402Z] 商品URL：https://search.shopping.naver.com/catalog/54348311568
[2025-04-30T15:59:46.402Z] 最低价限制：5000
[2025-04-30T15:59:46.402Z] 开始输入产品码
[2025-04-30T15:59:48.836Z] 产品码输入完成
[2025-04-30T15:59:48.836Z] 等待 2 秒后点击查询
[2025-04-30T15:59:50.453Z] 点击查询按钮
[2025-04-30T15:59:52.083Z] 查询完成，等待结果加载
[2025-04-30T15:59:52.083Z] 等待 4 秒后继续
[2025-04-30T15:59:55.649Z] 提取商品ID：54348311568
[2025-04-30T15:59:55.649Z] 开始点击商品链接
[2025-04-30T15:59:55.676Z] 商品链接点击完成
[2025-04-30T15:59:55.676Z] 等待新标签页打开
