[2025-04-30T14:12:52.204Z] 程序启动
[2025-04-30T14:12:52.205Z] 启动浏览器
[2025-04-30T14:12:52.514Z] 加载浏览器状态
[2025-04-30T14:12:53.031Z] 打开dashboard页面
[2025-04-30T14:13:07.205Z] 当前url：https://sell.smartstore.naver.com/#/home/dashboard
[2025-04-30T14:13:07.205Z] 开始处理文件夹：D:\myproject\auto_d_price\run
[2025-04-30T14:13:07.206Z] 找到 1 个Excel文件
[2025-04-30T14:13:07.206Z] 处理文件：20250411_152655_炼沥 捞仿(1)(1).xlsx
[2025-04-30T14:13:07.254Z] 文件 20250411_152655_炼沥 捞仿(1)(1).xlsx 包含 68 条数据
[2025-04-30T14:13:07.254Z] 处理商品：11709574470
[2025-04-30T14:13:28.079Z] 获取产品码=> 11709574470
[2025-04-30T14:13:28.079Z] 开始输入产品码
[2025-04-30T14:13:30.472Z] 产品码输入完成
[2025-04-30T14:13:37.448Z] 处理url
[2025-04-30T14:13:37.448Z] productId:
[2025-04-30T14:13:44.902Z] tbody
[2025-04-30T14:13:44.972Z] price_map
[2025-04-30T14:13:44.973Z] local_price
[2025-04-30T14:13:44.973Z] 当前价格已经是最低，无需调价
[2025-04-30T14:13:44.973Z] 处理商品：11515866894
[2025-04-30T14:13:53.996Z] 获取产品码=> 11515866894
[2025-04-30T14:13:53.997Z] 开始输入产品码
[2025-04-30T14:13:56.144Z] 产品码输入完成
[2025-04-30T14:14:03.775Z] 处理url
[2025-04-30T14:14:03.775Z] productId:
[2025-04-30T14:14:05.996Z] tbody
[2025-04-30T14:14:06.048Z] price_map
[2025-04-30T14:14:06.049Z] local_price
[2025-04-30T14:14:06.049Z] 当前价格已经是最低，无需调价
[2025-04-30T14:14:06.049Z] 处理商品：11529334473
[2025-04-30T14:14:18.860Z] 获取产品码=> 11529334473
[2025-04-30T14:14:18.860Z] 开始输入产品码
[2025-04-30T14:14:21.344Z] 产品码输入完成
[2025-04-30T14:14:27.262Z] 处理url
[2025-04-30T14:14:27.262Z] productId:
[2025-04-30T14:14:31.093Z] tbody
[2025-04-30T14:14:31.179Z] price_map
[2025-04-30T14:14:31.180Z] local_price
[2025-04-30T14:14:31.180Z] 当前价格已经是最低，无需调价
[2025-04-30T14:14:31.180Z] 处理商品：11562237310
[2025-04-30T14:14:40.433Z] 获取产品码=> 11562237310
[2025-04-30T14:14:40.433Z] 开始输入产品码
[2025-04-30T14:14:42.863Z] 产品码输入完成
[2025-04-30T14:14:49.809Z] 处理url
[2025-04-30T14:14:49.810Z] productId:
[2025-04-30T14:14:53.320Z] tbody
[2025-04-30T14:14:53.374Z] price_map
[2025-04-30T14:14:53.374Z] local_price
[2025-04-30T14:14:53.375Z] 当前价格已经是最低，无需调价
[2025-04-30T14:14:53.375Z] 处理商品：11721820338
[2025-04-30T14:15:02.646Z] 获取产品码=> 11721820338
[2025-04-30T14:15:02.647Z] 开始输入产品码
[2025-04-30T14:15:04.673Z] 产品码输入完成
[2025-04-30T14:15:10.705Z] 处理url
[2025-04-30T14:15:10.705Z] productId:
[2025-04-30T14:15:12.974Z] tbody
[2025-04-30T14:15:13.014Z] price_map
[2025-04-30T14:15:13.014Z] local_price
[2025-04-30T14:15:13.014Z] 当前价格已经是最低，无需调价
[2025-04-30T14:15:13.014Z] 处理商品：11755834995
[2025-04-30T14:15:24.435Z] 获取产品码=> 11755834995
[2025-04-30T14:15:24.436Z] 开始输入产品码
[2025-04-30T14:15:26.892Z] 产品码输入完成
[2025-04-30T14:15:34.202Z] 处理url
[2025-04-30T14:15:34.202Z] productId:
[2025-04-30T14:15:37.250Z] tbody
[2025-04-30T14:15:37.313Z] price_map
[2025-04-30T14:15:37.313Z] local_price
[2025-04-30T14:15:37.313Z] 当前价格已经是最低，无需调价
[2025-04-30T14:15:37.313Z] 处理商品：11768484712
[2025-04-30T14:15:48.520Z] 获取产品码=> 11768484712
[2025-04-30T14:15:48.521Z] 开始输入产品码
[2025-04-30T14:15:50.824Z] 产品码输入完成
[2025-04-30T14:15:58.219Z] 处理url
[2025-04-30T14:15:58.219Z] productId:
[2025-04-30T14:16:00.897Z] tbody
[2025-04-30T14:16:00.983Z] price_map
[2025-04-30T14:16:00.983Z] local_price
[2025-04-30T14:16:00.983Z] 当前价格已经是最低，无需调价
[2025-04-30T14:16:00.984Z] 处理商品：11747217790
[2025-04-30T14:16:11.456Z] 获取产品码=> 11747217790
[2025-04-30T14:16:11.456Z] 开始输入产品码
[2025-04-30T14:16:13.947Z] 产品码输入完成
[2025-04-30T14:16:21.776Z] 处理url
[2025-04-30T14:16:21.776Z] productId:
[2025-04-30T14:16:24.856Z] tbody
[2025-04-30T14:16:24.879Z] price_map
[2025-04-30T14:16:24.879Z] local_price
[2025-04-30T14:16:24.879Z] 当前价格已经是最低，无需调价
[2025-04-30T14:16:24.879Z] 处理商品：11755352404
[2025-04-30T14:16:35.487Z] 获取产品码=> 11755352404
[2025-04-30T14:16:35.487Z] 开始输入产品码
[2025-04-30T14:16:37.971Z] 产品码输入完成
[2025-04-30T14:16:45.624Z] 处理url
[2025-04-30T14:16:45.624Z] productId:
[2025-04-30T14:16:49.108Z] tbody
[2025-04-30T14:16:49.144Z] price_map
[2025-04-30T14:16:49.144Z] local_price
[2025-04-30T14:16:49.144Z] 当前价格已经是最低，无需调价
[2025-04-30T14:16:49.144Z] 处理商品：11672012727
[2025-04-30T14:17:00.403Z] 获取产品码=> 11672012727
[2025-04-30T14:17:00.403Z] 开始输入产品码
[2025-04-30T14:17:02.830Z] 产品码输入完成
[2025-04-30T14:17:10.077Z] 处理url
[2025-04-30T14:17:10.077Z] productId:
[2025-04-30T14:17:20.085Z] 没有打开新标签页
[2025-04-30T14:17:20.085Z] 处理商品：11507054559
[2025-04-30T14:17:23.168Z] 发生错误: page.waitForTimeout: Target page, context or browser has been closed
[2025-04-30T14:17:23.168Z] 无法获取页面进行截图: context is not defined
[2025-04-30T14:17:23.169Z] 按任意键退出...
