[2025-04-30T17:08:24.874Z] 程序启动
[2025-04-30T17:08:24.875Z] 启动浏览器
[2025-04-30T17:08:25.174Z] 加载浏览器状态
[2025-04-30T17:08:25.558Z] 打开dashboard页面
[2025-04-30T17:08:32.902Z] 当前url：https://sell.smartstore.naver.com/#/home/dashboard
[2025-04-30T17:08:32.902Z] 开始处理文件夹：D:\myproject\auto_d_price\run
[2025-04-30T17:08:32.903Z] 找到 1 个Excel文件
[2025-04-30T17:08:32.904Z] 处理文件：20250411_152655_炼沥 捞仿(1)(1).xlsx
[2025-04-30T17:08:32.945Z] 文件 20250411_152655_炼沥 捞仿(1)(1).xlsx 包含 68 条数据
[2025-04-30T17:08:32.945Z] 处理商品：11709574470
[2025-04-30T17:08:32.946Z] 开始打开管理端页面
[2025-04-30T17:08:37.166Z] 管理端页面加载完成
[2025-04-30T17:08:37.166Z] 等待 2 秒后继续
[2025-04-30T17:08:39.416Z] 开始打开价格比较页面
[2025-04-30T17:08:41.263Z] 价格比较页面加载完成
[2025-04-30T17:08:41.263Z] 等待 2 秒后继续
[2025-04-30T17:08:43.160Z] 开始处理商品：11709574470
[2025-04-30T17:08:43.161Z] 商品URL：https://search.shopping.naver.com/catalog/35492087515
[2025-04-30T17:08:43.161Z] 最低价限制：31000
[2025-04-30T17:08:43.161Z] 开始输入产品码
[2025-04-30T17:08:45.793Z] 产品码输入完成
[2025-04-30T17:08:45.794Z] 等待 1 秒后点击查询
[2025-04-30T17:08:46.891Z] 点击查询按钮
[2025-04-30T17:08:48.583Z] 查询完成，等待结果加载
[2025-04-30T17:08:48.583Z] 等待 3 秒后继续
[2025-04-30T17:08:51.286Z] 提取商品ID：35492087515
[2025-04-30T17:08:51.286Z] 开始点击商品链接
[2025-04-30T17:08:51.388Z] 商品链接点击完成
[2025-04-30T17:08:51.389Z] 等待新标签页打开
[2025-04-30T17:08:52.390Z] 等待新标签页，第 1 次尝试
[2025-04-30T17:08:52.390Z] 新标签页已打开
[2025-04-30T17:08:52.391Z] 切换到新标签页
[2025-04-30T17:08:52.392Z] 等待页面加载
[2025-04-30T17:08:52.407Z] 页面加载完成
[2025-04-30T17:08:52.418Z] 价格表格是否可见：false
[2025-04-30T17:08:52.418Z] 本地店铺 한빛2020 的价格：undefined
[2025-04-30T17:08:52.418Z] 当前价格已经是最低，无需调价
[2025-04-30T17:08:52.419Z] 处理商品：11515866894
[2025-04-30T17:08:52.436Z] 开始打开管理端页面
[2025-04-30T17:08:54.498Z] 管理端页面加载完成
[2025-04-30T17:08:54.498Z] 等待 4 秒后继续
[2025-04-30T17:08:54.975Z] 发生错误: page.waitForTimeout: Target page, context or browser has been closed
[2025-04-30T17:08:54.976Z] 无法获取页面进行截图: context is not defined
[2025-04-30T17:08:54.976Z] 按任意键退出...
[2025-04-30T17:09:03.490Z] 程序退出
