[2025-04-30T15:59:59.025Z] 程序启动
[2025-04-30T15:59:59.026Z] 启动浏览器
[2025-04-30T15:59:59.257Z] 加载浏览器状态
[2025-04-30T15:59:59.637Z] 打开dashboard页面
[2025-04-30T16:00:07.346Z] 当前url：https://sell.smartstore.naver.com/#/home/dashboard
[2025-04-30T16:00:07.346Z] 开始处理文件夹：D:\myproject\auto_d_price\run
[2025-04-30T16:00:07.347Z] 找到 1 个Excel文件
[2025-04-30T16:00:07.347Z] 处理文件：20250411_152655_炼沥 捞仿(1)(1).xlsx
[2025-04-30T16:00:07.390Z] 文件 20250411_152655_炼沥 捞仿(1)(1).xlsx 包含 68 条数据
[2025-04-30T16:00:07.391Z] 处理商品：11709574470
[2025-04-30T16:00:07.391Z] 开始打开管理端页面
[2025-04-30T16:00:12.664Z] 管理端页面加载完成
[2025-04-30T16:00:12.664Z] 等待 5 秒后继续
[2025-04-30T16:00:17.356Z] 开始打开价格比较页面
[2025-04-30T16:00:19.379Z] 价格比较页面加载完成
[2025-04-30T16:00:19.380Z] 等待 2 秒后继续
[2025-04-30T16:00:21.072Z] 开始处理商品：11709574470
[2025-04-30T16:00:21.072Z] 商品URL：https://search.shopping.naver.com/catalog/35492087515
[2025-04-30T16:00:21.073Z] 最低价限制：31000
[2025-04-30T16:00:21.073Z] 开始输入产品码
[2025-04-30T16:00:23.528Z] 产品码输入完成
[2025-04-30T16:00:23.528Z] 等待 1 秒后点击查询
[2025-04-30T16:00:24.833Z] 点击查询按钮
[2025-04-30T16:00:26.582Z] 查询完成，等待结果加载
[2025-04-30T16:00:26.582Z] 等待 4 秒后继续
[2025-04-30T16:00:30.572Z] 提取商品ID：35492087515
[2025-04-30T16:00:30.572Z] 开始点击商品链接
[2025-04-30T16:00:30.615Z] 商品链接点击完成
[2025-04-30T16:00:30.616Z] 等待新标签页打开
[2025-04-30T16:00:31.617Z] 等待新标签页，第 1 次尝试
[2025-04-30T16:00:32.617Z] 等待新标签页，第 2 次尝试
[2025-04-30T16:00:32.617Z] 新标签页已打开
[2025-04-30T16:00:32.619Z] 切换到新标签页
[2025-04-30T16:00:32.619Z] 等待页面加载
[2025-04-30T16:00:33.659Z] 页面加载完成
[2025-04-30T16:00:33.669Z] 价格表格是否可见：true
[2025-04-30T16:00:33.672Z] 找到 10 个价格记录
[2025-04-30T16:00:33.684Z] 店铺  的价格：18,540
[2025-04-30T16:00:33.691Z] 店铺 그로우하이 的价格：18,600
[2025-04-30T16:00:33.697Z] 店铺  的价格：18,720
[2025-04-30T16:00:33.702Z] 店铺  的价格：18,730
[2025-04-30T16:00:33.707Z] 店铺 기뜜기뜜 的价格：19,050
[2025-04-30T16:00:33.714Z] 店铺 차이나포트 的价格：23,060
[2025-04-30T16:00:33.720Z] 店铺 하니준메가 的价格：27,200
[2025-04-30T16:00:33.727Z] 店铺 글로벌커넥션몰 的价格：29,000
[2025-04-30T16:00:33.732Z] 店铺 엠디세븐 的价格：30,900
[2025-04-30T16:00:33.736Z] 店铺 한빛2020 的价格：31,000
[2025-04-30T16:00:33.736Z] 本地店铺 한빛2020 的价格：31000
[2025-04-30T16:00:33.736Z] 检查店铺  的价格：18730
[2025-04-30T16:00:33.737Z] 店铺  的价格低于最低价限制，跳过
[2025-04-30T16:00:33.737Z] 检查店铺 그로우하이 的价格：18600
[2025-04-30T16:00:33.737Z] 店铺 그로우하이 的价格低于最低价限制，跳过
[2025-04-30T16:00:33.737Z] 检查店铺 기뜜기뜜 的价格：19050
[2025-04-30T16:00:33.738Z] 店铺 기뜜기뜜 的价格低于最低价限制，跳过
[2025-04-30T16:00:33.738Z] 检查店铺 차이나포트 的价格：23060
[2025-04-30T16:00:33.738Z] 店铺 차이나포트 的价格低于最低价限制，跳过
[2025-04-30T16:00:33.738Z] 检查店铺 하니준메가 的价格：27200
[2025-04-30T16:00:33.738Z] 店铺 하니준메가 的价格低于最低价限制，跳过
[2025-04-30T16:00:33.739Z] 检查店铺 글로벌커넥션몰 的价格：29000
[2025-04-30T16:00:33.739Z] 店铺 글로벌커넥션몰 的价格低于最低价限制，跳过
[2025-04-30T16:00:33.739Z] 检查店铺 엠디세븐 的价格：30900
[2025-04-30T16:00:33.739Z] 店铺 엠디세븐 的价格低于最低价限制，跳过
[2025-04-30T16:00:33.739Z] 跳过本地店铺 한빛2020
[2025-04-30T16:00:33.739Z] 当前价格已经是最低，无需调价
[2025-04-30T16:00:33.739Z] 处理商品：11515866894
[2025-04-30T16:00:33.760Z] 开始打开管理端页面
[2025-04-30T16:00:35.825Z] 管理端页面加载完成
[2025-04-30T16:00:35.825Z] 等待 4 秒后继续
[2025-04-30T16:00:39.995Z] 开始打开价格比较页面
[2025-04-30T16:00:41.764Z] 价格比较页面加载完成
[2025-04-30T16:00:41.764Z] 等待 2 秒后继续
[2025-04-30T16:00:43.571Z] 开始处理商品：11515866894
[2025-04-30T16:00:43.572Z] 商品URL：https://search.shopping.naver.com/catalog/43242965725
[2025-04-30T16:00:43.572Z] 最低价限制：16950
[2025-04-30T16:00:43.573Z] 开始输入产品码
[2025-04-30T16:00:46.280Z] 产品码输入完成
[2025-04-30T16:00:46.281Z] 等待 1 秒后点击查询
[2025-04-30T16:00:47.376Z] 点击查询按钮
[2025-04-30T16:00:49.186Z] 查询完成，等待结果加载
[2025-04-30T16:00:49.187Z] 等待 3 秒后继续
[2025-04-30T16:00:52.192Z] 提取商品ID：43242965725
[2025-04-30T16:00:52.193Z] 开始点击商品链接
[2025-04-30T16:00:52.257Z] 商品链接点击完成
[2025-04-30T16:00:52.258Z] 等待新标签页打开
[2025-04-30T16:00:53.258Z] 等待新标签页，第 1 次尝试
[2025-04-30T16:00:53.259Z] 新标签页已打开
[2025-04-30T16:00:53.260Z] 切换到新标签页
[2025-04-30T16:00:53.260Z] 等待页面加载
[2025-04-30T16:00:53.954Z] 页面加载完成
[2025-04-30T16:00:53.969Z] 价格表格是否可见：true
[2025-04-30T16:00:53.972Z] 找到 10 个价格记录
[2025-04-30T16:00:53.977Z] 店铺  的价格：14,850
[2025-04-30T16:00:53.981Z] 店铺  的价格：15,000
[2025-04-30T16:00:53.986Z] 店铺  的价格：16,150
[2025-04-30T16:00:53.991Z] 店铺 한빛2020 的价格：16,950
[2025-04-30T16:00:53.997Z] 店铺 BLUE CURSOR 的价格：17,000
[2025-04-30T16:00:54.003Z] 店铺 해외정선 的价格：17,740
[2025-04-30T16:00:54.010Z] 店铺 요술램프나라 的价格：20,500
[2025-04-30T16:00:54.015Z] 店铺 글로벌장터마을 的价格：20,500
[2025-04-30T16:00:54.019Z] 店铺 정성가득글로벌쇼핑 的价格：20,500
[2025-04-30T16:00:54.025Z] 店铺 글로샵s 的价格：20,510
[2025-04-30T16:00:54.026Z] 本地店铺 한빛2020 的价格：16950
[2025-04-30T16:00:54.026Z] 检查店铺  的价格：16150
[2025-04-30T16:00:54.026Z] 店铺  的价格低于最低价限制，跳过
[2025-04-30T16:00:54.026Z] 跳过本地店铺 한빛2020
[2025-04-30T16:00:54.026Z] 检查店铺 BLUE CURSOR 的价格：17000
[2025-04-30T16:00:54.027Z] 更新最低价：17000 (店铺：BLUE CURSOR)
[2025-04-30T16:00:54.027Z] 检查店铺 해외정선 的价格：17740
[2025-04-30T16:00:54.027Z] 检查店铺 요술램프나라 的价格：20500
[2025-04-30T16:00:54.027Z] 检查店铺 글로벌장터마을 的价格：20500
[2025-04-30T16:00:54.028Z] 检查店铺 정성가득글로벌쇼핑 的价格：20500
[2025-04-30T16:00:54.028Z] 检查店铺 글로샵s 的价格：20510
[2025-04-30T16:00:54.028Z] 当前价格已经是最低，无需调价
[2025-04-30T16:00:54.028Z] 处理商品：11529334473
[2025-04-30T16:00:54.048Z] 开始打开管理端页面
[2025-04-30T16:00:56.178Z] 管理端页面加载完成
[2025-04-30T16:00:56.179Z] 等待 3 秒后继续
[2025-04-30T16:00:59.658Z] 开始打开价格比较页面
[2025-04-30T16:01:01.451Z] 价格比较页面加载完成
[2025-04-30T16:01:01.451Z] 等待 2 秒后继续
[2025-04-30T16:01:03.774Z] 开始处理商品：11529334473
[2025-04-30T16:01:03.774Z] 商品URL：https://search.shopping.naver.com/catalog/35675942365
[2025-04-30T16:01:03.775Z] 最低价限制：6000
[2025-04-30T16:01:03.775Z] 开始输入产品码
[2025-04-30T16:01:06.226Z] 产品码输入完成
[2025-04-30T16:01:06.227Z] 等待 1 秒后点击查询
[2025-04-30T16:01:07.234Z] 点击查询按钮
[2025-04-30T16:01:09.028Z] 查询完成，等待结果加载
[2025-04-30T16:01:09.029Z] 等待 3 秒后继续
[2025-04-30T16:01:12.064Z] 提取商品ID：35675942365
[2025-04-30T16:01:12.065Z] 开始点击商品链接
[2025-04-30T16:01:12.107Z] 商品链接点击完成
[2025-04-30T16:01:12.107Z] 等待新标签页打开
[2025-04-30T16:01:13.108Z] 等待新标签页，第 1 次尝试
[2025-04-30T16:01:13.109Z] 新标签页已打开
[2025-04-30T16:01:13.110Z] 切换到新标签页
[2025-04-30T16:01:13.110Z] 等待页面加载
[2025-04-30T16:01:13.696Z] 页面加载完成
[2025-04-30T16:01:13.705Z] 价格表格是否可见：true
[2025-04-30T16:01:13.707Z] 找到 9 个价格记录
[2025-04-30T16:01:13.719Z] 店铺 발라라라 온라인 的价格：13,190
[2025-04-30T16:01:13.725Z] 店铺 한빛2020 的价格：13,200
[2025-04-30T16:01:13.731Z] 店铺 쿨거래소 的价格：13,300
[2025-04-30T16:01:13.736Z] 店铺 왕의건강 的价格：13,900
[2025-04-30T16:01:13.744Z] 店铺  的价格：14,090
[2025-04-30T16:01:13.750Z] 店铺 일상공감공식스토어 的价格：15,900
[2025-04-30T16:01:13.756Z] 店铺 홀릭팩토리 的价格：22,800
[2025-04-30T16:01:13.793Z] 店铺  的价格：27,210
[2025-04-30T16:01:13.803Z] 店铺 션사인메이트 的价格：30,000
[2025-04-30T16:01:13.804Z] 本地店铺 한빛2020 的价格：13200
[2025-04-30T16:01:13.804Z] 检查店铺 발라라라 온라인 的价格：13190
[2025-04-30T16:01:13.804Z] 更新最低价：13190 (店铺：발라라라 온라인)
[2025-04-30T16:01:13.804Z] 跳过本地店铺 한빛2020
[2025-04-30T16:01:13.804Z] 检查店铺 쿨거래소 的价格：13300
[2025-04-30T16:01:13.804Z] 检查店铺 왕의건강 的价格：13900
[2025-04-30T16:01:13.805Z] 检查店铺  的价格：27210
[2025-04-30T16:01:13.805Z] 检查店铺 일상공감공식스토어 的价格：15900
[2025-04-30T16:01:13.805Z] 检查店铺 홀릭팩토리 的价格：22800
[2025-04-30T16:01:13.805Z] 检查店铺 션사인메이트 的价格：30000
[2025-04-30T16:01:13.805Z] 发现更低价格：13190 (店铺：발라라라 온라인)
[2025-04-30T16:01:13.805Z] 当前价格：13200，差价：10
[2025-04-30T16:01:13.806Z] 开始执行调价操作
[2025-04-30T16:01:13.816Z] 商品ID：
[2025-04-30T16:01:18.475Z] 当前销售价格
[2025-04-30T16:01:18.476Z] 当前销售价格数字
[2025-04-30T16:01:18.476Z] 最终价格
[2025-04-30T16:01:18.601Z] 调价完成，新价格：10180
[2025-04-30T16:01:18.601Z] 处理商品：11562237310
[2025-04-30T16:01:18.618Z] 开始打开管理端页面
[2025-04-30T16:01:20.732Z] 管理端页面加载完成
[2025-04-30T16:01:20.733Z] 等待 2 秒后继续
[2025-04-30T16:01:22.952Z] 开始打开价格比较页面
[2025-04-30T16:01:24.850Z] 价格比较页面加载完成
[2025-04-30T16:01:24.851Z] 等待 2 秒后继续
[2025-04-30T16:01:27.338Z] 开始处理商品：11562237310
[2025-04-30T16:01:27.338Z] 商品URL：https://search.shopping.naver.com/catalog/51881793575
[2025-04-30T16:01:27.339Z] 最低价限制：6500
[2025-04-30T16:01:27.339Z] 开始输入产品码
[2025-04-30T16:01:29.492Z] 产品码输入完成
[2025-04-30T16:01:29.492Z] 等待 2 秒后点击查询
[2025-04-30T16:01:31.336Z] 点击查询按钮
[2025-04-30T16:01:33.074Z] 查询完成，等待结果加载
[2025-04-30T16:01:33.074Z] 等待 3 秒后继续
[2025-04-30T16:01:36.200Z] 提取商品ID：51881793575
[2025-04-30T16:01:36.200Z] 开始点击商品链接
[2025-04-30T16:01:36.248Z] 商品链接点击完成
[2025-04-30T16:01:36.248Z] 等待新标签页打开
[2025-04-30T16:01:37.248Z] 等待新标签页，第 1 次尝试
[2025-04-30T16:01:38.248Z] 等待新标签页，第 2 次尝试
[2025-04-30T16:01:38.248Z] 新标签页已打开
[2025-04-30T16:01:38.249Z] 切换到新标签页
[2025-04-30T16:01:38.249Z] 等待页面加载
[2025-04-30T16:01:38.261Z] 页面加载完成
[2025-04-30T16:01:38.271Z] 价格表格是否可见：true
[2025-04-30T16:01:38.276Z] 找到 10 个价格记录
[2025-04-30T16:01:38.282Z] 店铺 한빛2020 的价格：7,590
[2025-04-30T16:01:38.287Z] 店铺 가족애 쇼핑 的价格：7,600
[2025-04-30T16:01:38.292Z] 店铺 삼베리 홈 라이프 的价格：7,620
[2025-04-30T16:01:38.296Z] 店铺 해외정선 的价格：9,910
[2025-04-30T16:01:38.301Z] 店铺  的价格：10,700
[2025-04-30T16:01:38.307Z] 店铺  的价格：10,700
[2025-04-30T16:01:38.313Z] 店铺 SORAKA 的价格：11,100
[2025-04-30T16:01:38.319Z] 店铺 szycc 的价格：15,000
[2025-04-30T16:01:38.323Z] 店铺 터빈코어 的价格：15,520
[2025-04-30T16:01:38.328Z] 店铺 MoneyComing 的价格：15,540
[2025-04-30T16:01:38.328Z] 本地店铺 한빛2020 的价格：7590
[2025-04-30T16:01:38.329Z] 跳过本地店铺 한빛2020
[2025-04-30T16:01:38.329Z] 检查店铺 가족애 쇼핑 的价格：7600
[2025-04-30T16:01:38.329Z] 更新最低价：7600 (店铺：가족애 쇼핑)
[2025-04-30T16:01:38.329Z] 检查店铺 삼베리 홈 라이프 的价格：7620
[2025-04-30T16:01:38.330Z] 检查店铺 해외정선 的价格：9910
[2025-04-30T16:01:38.330Z] 检查店铺  的价格：10700
[2025-04-30T16:01:38.330Z] 检查店铺 SORAKA 的价格：11100
[2025-04-30T16:01:38.330Z] 检查店铺 szycc 的价格：15000
[2025-04-30T16:01:38.330Z] 检查店铺 터빈코어 的价格：15520
[2025-04-30T16:01:38.331Z] 检查店铺 MoneyComing 的价格：15540
[2025-04-30T16:01:38.331Z] 当前价格已经是最低，无需调价
[2025-04-30T16:01:38.331Z] 处理商品：11721820338
[2025-04-30T16:01:38.352Z] 开始打开管理端页面
[2025-04-30T16:01:40.502Z] 管理端页面加载完成
[2025-04-30T16:01:40.503Z] 等待 3 秒后继续
[2025-04-30T16:01:43.644Z] 开始打开价格比较页面
[2025-04-30T16:01:45.413Z] 价格比较页面加载完成
[2025-04-30T16:01:45.413Z] 等待 1 秒后继续
[2025-04-30T16:01:46.828Z] 开始处理商品：11721820338
[2025-04-30T16:01:46.828Z] 商品URL：https://search.shopping.naver.com/catalog/46633769860
[2025-04-30T16:01:46.828Z] 最低价限制：9400
[2025-04-30T16:01:46.829Z] 开始输入产品码
[2025-04-30T16:01:49.353Z] 产品码输入完成
[2025-04-30T16:01:49.354Z] 等待 1 秒后点击查询
[2025-04-30T16:01:49.863Z] 点击查询按钮
[2025-04-30T16:01:51.762Z] 查询完成，等待结果加载
[2025-04-30T16:01:51.762Z] 等待 2 秒后继续
[2025-04-30T16:01:54.220Z] 提取商品ID：46633769860
[2025-04-30T16:01:54.221Z] 开始点击商品链接
[2025-04-30T16:01:54.281Z] 商品链接点击完成
[2025-04-30T16:01:54.281Z] 等待新标签页打开
[2025-04-30T16:01:55.281Z] 等待新标签页，第 1 次尝试
[2025-04-30T16:01:55.281Z] 新标签页已打开
[2025-04-30T16:01:55.283Z] 切换到新标签页
[2025-04-30T16:01:55.283Z] 等待页面加载
[2025-04-30T16:01:55.296Z] 页面加载完成
[2025-04-30T16:01:55.307Z] 价格表格是否可见：false
[2025-04-30T16:01:55.307Z] 本地店铺 한빛2020 的价格：undefined
[2025-04-30T16:01:55.308Z] 当前价格已经是最低，无需调价
[2025-04-30T16:01:55.308Z] 处理商品：11755834995
[2025-04-30T16:01:55.329Z] 开始打开管理端页面
[2025-04-30T16:01:57.352Z] 管理端页面加载完成
[2025-04-30T16:01:57.352Z] 等待 2 秒后继续
[2025-04-30T16:01:59.354Z] 开始打开价格比较页面
[2025-04-30T16:02:01.129Z] 价格比较页面加载完成
[2025-04-30T16:02:01.129Z] 等待 2 秒后继续
[2025-04-30T16:02:02.743Z] 开始处理商品：11755834995
[2025-04-30T16:02:02.743Z] 商品URL：https://search.shopping.naver.com/catalog/43923384665
[2025-04-30T16:02:02.743Z] 最低价限制：11000
[2025-04-30T16:02:02.743Z] 开始输入产品码
[2025-04-30T16:02:04.716Z] 产品码输入完成
[2025-04-30T16:02:04.716Z] 等待 1 秒后点击查询
[2025-04-30T16:02:05.780Z] 点击查询按钮
[2025-04-30T16:02:08.001Z] 查询完成，等待结果加载
[2025-04-30T16:02:08.002Z] 等待 3 秒后继续
[2025-04-30T16:02:11.427Z] 提取商品ID：43923384665
[2025-04-30T16:02:11.427Z] 开始点击商品链接
[2025-04-30T16:02:11.480Z] 商品链接点击完成
[2025-04-30T16:02:11.480Z] 等待新标签页打开
[2025-04-30T16:02:12.480Z] 等待新标签页，第 1 次尝试
[2025-04-30T16:02:12.481Z] 新标签页已打开
[2025-04-30T16:02:12.482Z] 切换到新标签页
[2025-04-30T16:02:12.482Z] 等待页面加载
[2025-04-30T16:02:12.496Z] 页面加载完成
[2025-04-30T16:02:12.505Z] 价格表格是否可见：false
[2025-04-30T16:02:12.506Z] 本地店铺 한빛2020 的价格：undefined
[2025-04-30T16:02:12.506Z] 当前价格已经是最低，无需调价
[2025-04-30T16:02:12.506Z] 处理商品：11768484712
[2025-04-30T16:02:12.524Z] 开始打开管理端页面
[2025-04-30T16:02:14.633Z] 管理端页面加载完成
[2025-04-30T16:02:14.633Z] 等待 4 秒后继续
[2025-04-30T16:02:18.887Z] 开始打开价格比较页面
[2025-04-30T16:02:20.972Z] 价格比较页面加载完成
[2025-04-30T16:02:20.972Z] 等待 1 秒后继续
[2025-04-30T16:02:22.119Z] 开始处理商品：11768484712
[2025-04-30T16:02:22.120Z] 商品URL：https://search.shopping.naver.com/catalog/52877019905
[2025-04-30T16:02:22.120Z] 最低价限制：22000
[2025-04-30T16:02:22.120Z] 开始输入产品码
[2025-04-30T16:02:24.512Z] 产品码输入完成
[2025-04-30T16:02:24.512Z] 等待 1 秒后点击查询
[2025-04-30T16:02:25.441Z] 点击查询按钮
[2025-04-30T16:02:27.191Z] 查询完成，等待结果加载
[2025-04-30T16:02:27.191Z] 等待 4 秒后继续
[2025-04-30T16:02:31.042Z] 提取商品ID：52877019905
[2025-04-30T16:02:31.042Z] 开始点击商品链接
[2025-04-30T16:02:31.091Z] 商品链接点击完成
[2025-04-30T16:02:31.092Z] 等待新标签页打开
[2025-04-30T16:02:32.092Z] 等待新标签页，第 1 次尝试
[2025-04-30T16:02:32.093Z] 新标签页已打开
[2025-04-30T16:02:32.094Z] 切换到新标签页
[2025-04-30T16:02:32.094Z] 等待页面加载
[2025-04-30T16:02:32.109Z] 页面加载完成
[2025-04-30T16:02:32.122Z] 价格表格是否可见：false
[2025-04-30T16:02:32.122Z] 本地店铺 한빛2020 的价格：undefined
[2025-04-30T16:02:32.122Z] 当前价格已经是最低，无需调价
[2025-04-30T16:02:32.122Z] 处理商品：11747217790
[2025-04-30T16:02:32.144Z] 开始打开管理端页面
[2025-04-30T16:02:34.200Z] 管理端页面加载完成
[2025-04-30T16:02:34.200Z] 等待 2 秒后继续
[2025-04-30T16:02:36.570Z] 开始打开价格比较页面
[2025-04-30T16:02:38.398Z] 价格比较页面加载完成
[2025-04-30T16:02:38.398Z] 等待 3 秒后继续
[2025-04-30T16:02:41.010Z] 开始处理商品：11747217790
[2025-04-30T16:02:41.010Z] 商品URL：https://search.shopping.naver.com/catalog/54348311568
[2025-04-30T16:02:41.010Z] 最低价限制：5000
[2025-04-30T16:02:41.011Z] 开始输入产品码
[2025-04-30T16:02:43.562Z] 产品码输入完成
[2025-04-30T16:02:43.563Z] 等待 1 秒后点击查询
[2025-04-30T16:02:44.150Z] 点击查询按钮
[2025-04-30T16:02:45.975Z] 查询完成，等待结果加载
[2025-04-30T16:02:45.975Z] 等待 3 秒后继续
[2025-04-30T16:02:48.831Z] 提取商品ID：54348311568
[2025-04-30T16:02:48.831Z] 开始点击商品链接
[2025-04-30T16:02:48.874Z] 商品链接点击完成
[2025-04-30T16:02:48.874Z] 等待新标签页打开
[2025-04-30T16:02:49.875Z] 等待新标签页，第 1 次尝试
[2025-04-30T16:02:49.875Z] 新标签页已打开
[2025-04-30T16:02:49.876Z] 切换到新标签页
[2025-04-30T16:02:49.876Z] 等待页面加载
[2025-04-30T16:02:50.374Z] 页面加载完成
[2025-04-30T16:02:50.384Z] 价格表格是否可见：true
[2025-04-30T16:02:50.386Z] 找到 3 个价格记录
[2025-04-30T16:02:50.390Z] 店铺 한빛2020 的价格：15,990
[2025-04-30T16:02:50.394Z] 店铺 삼베리 홈 라이프 的价格：16,000
[2025-04-30T16:02:50.399Z] 店铺 해외정선 的价格：16,040
[2025-04-30T16:02:50.399Z] 本地店铺 한빛2020 的价格：15990
[2025-04-30T16:02:50.399Z] 跳过本地店铺 한빛2020
[2025-04-30T16:02:50.400Z] 检查店铺 삼베리 홈 라이프 的价格：16000
[2025-04-30T16:02:50.400Z] 更新最低价：16000 (店铺：삼베리 홈 라이프)
[2025-04-30T16:02:50.400Z] 检查店铺 해외정선 的价格：16040
[2025-04-30T16:02:50.400Z] 当前价格已经是最低，无需调价
[2025-04-30T16:02:50.400Z] 处理商品：11755352404
[2025-04-30T16:02:50.421Z] 开始打开管理端页面
[2025-04-30T16:02:52.521Z] 管理端页面加载完成
[2025-04-30T16:02:52.521Z] 等待 2 秒后继续
[2025-04-30T16:02:54.758Z] 开始打开价格比较页面
[2025-04-30T16:02:56.754Z] 价格比较页面加载完成
[2025-04-30T16:02:56.754Z] 等待 2 秒后继续
[2025-04-30T16:02:58.403Z] 开始处理商品：11755352404
[2025-04-30T16:02:58.403Z] 商品URL：https://search.shopping.naver.com/catalog/45588607672
[2025-04-30T16:02:58.403Z] 最低价限制：9000
[2025-04-30T16:02:58.403Z] 开始输入产品码
[2025-04-30T16:03:00.801Z] 产品码输入完成
[2025-04-30T16:03:00.802Z] 等待 2 秒后点击查询
[2025-04-30T16:03:02.650Z] 点击查询按钮
[2025-04-30T16:03:04.359Z] 查询完成，等待结果加载
[2025-04-30T16:03:04.360Z] 等待 4 秒后继续
[2025-04-30T16:03:08.021Z] 提取商品ID：45588607672
[2025-04-30T16:03:08.021Z] 开始点击商品链接
[2025-04-30T16:03:08.070Z] 商品链接点击完成
[2025-04-30T16:03:08.070Z] 等待新标签页打开
[2025-04-30T16:03:09.070Z] 等待新标签页，第 1 次尝试
[2025-04-30T16:03:09.070Z] 新标签页已打开
[2025-04-30T16:03:09.071Z] 切换到新标签页
[2025-04-30T16:03:09.071Z] 等待页面加载
[2025-04-30T16:03:09.651Z] 页面加载完成
[2025-04-30T16:03:09.718Z] 价格表格是否可见：true
[2025-04-30T16:03:09.720Z] 找到 5 个价格记录
[2025-04-30T16:03:09.728Z] 店铺 한빛2020 的价格：12,990
[2025-04-30T16:03:09.733Z] 店铺  的价格：13,000
[2025-04-30T16:03:09.737Z] 店铺 에스스타 的价格：13,180
[2025-04-30T16:03:09.741Z] 店铺 해외정선 的价格：23,270
[2025-04-30T16:03:09.747Z] 店铺  的价格：23,500
[2025-04-30T16:03:09.747Z] 本地店铺 한빛2020 的价格：12990
[2025-04-30T16:03:09.748Z] 跳过本地店铺 한빛2020
[2025-04-30T16:03:09.748Z] 检查店铺  的价格：23500
[2025-04-30T16:03:09.748Z] 更新最低价：23500 (店铺：)
[2025-04-30T16:03:09.748Z] 检查店铺 에스스타 的价格：13180
[2025-04-30T16:03:09.748Z] 更新最低价：13180 (店铺：에스스타)
[2025-04-30T16:03:09.748Z] 检查店铺 해외정선 的价格：23270
[2025-04-30T16:03:09.748Z] 当前价格已经是最低，无需调价
[2025-04-30T16:03:09.748Z] 处理商品：11672012727
[2025-04-30T16:03:09.766Z] 开始打开管理端页面
[2025-04-30T16:03:12.301Z] 管理端页面加载完成
[2025-04-30T16:03:12.301Z] 等待 5 秒后继续
[2025-04-30T16:03:17.191Z] 开始打开价格比较页面
[2025-04-30T16:03:19.151Z] 价格比较页面加载完成
[2025-04-30T16:03:19.151Z] 等待 1 秒后继续
[2025-04-30T16:03:20.429Z] 开始处理商品：11672012727
[2025-04-30T16:03:20.430Z] 商品URL：https://search.shopping.naver.com/catalog/47606841410
[2025-04-30T16:03:20.430Z] 最低价限制：17450
[2025-04-30T16:03:20.430Z] 开始输入产品码
[2025-04-30T16:03:23.237Z] 产品码输入完成
[2025-04-30T16:03:23.238Z] 等待 1 秒后点击查询
[2025-04-30T16:03:23.822Z] 点击查询按钮
[2025-04-30T16:03:25.566Z] 查询完成，等待结果加载
[2025-04-30T16:03:25.566Z] 等待 2 秒后继续
[2025-04-30T16:03:27.585Z] 提取商品ID：47606841410
[2025-04-30T16:03:27.586Z] 开始点击商品链接
[2025-04-30T16:03:27.589Z] 商品链接点击完成
[2025-04-30T16:03:27.589Z] 等待新标签页打开
[2025-04-30T16:03:28.589Z] 等待新标签页，第 1 次尝试
[2025-04-30T16:03:29.591Z] 等待新标签页，第 2 次尝试
[2025-04-30T16:03:30.591Z] 等待新标签页，第 3 次尝试
[2025-04-30T16:03:31.592Z] 等待新标签页，第 4 次尝试
[2025-04-30T16:03:32.593Z] 等待新标签页，第 5 次尝试
[2025-04-30T16:03:33.594Z] 等待新标签页，第 6 次尝试
[2025-04-30T16:03:34.594Z] 等待新标签页，第 7 次尝试
[2025-04-30T16:03:35.594Z] 等待新标签页，第 8 次尝试
[2025-04-30T16:03:36.596Z] 等待新标签页，第 9 次尝试
[2025-04-30T16:03:37.597Z] 等待新标签页，第 10 次尝试
[2025-04-30T16:03:37.597Z] 新标签页打开失败，跳过当前商品
[2025-04-30T16:03:37.597Z] 处理商品：11507054559
[2025-04-30T16:03:37.598Z] 开始打开管理端页面
[2025-04-30T16:03:39.801Z] 管理端页面加载完成
[2025-04-30T16:03:39.802Z] 等待 3 秒后继续
[2025-04-30T16:03:43.062Z] 开始打开价格比较页面
[2025-04-30T16:03:44.963Z] 价格比较页面加载完成
[2025-04-30T16:03:44.964Z] 等待 1 秒后继续
[2025-04-30T16:03:46.206Z] 开始处理商品：11507054559
[2025-04-30T16:03:46.207Z] 商品URL：https://search.shopping.naver.com/catalog/50174447848
[2025-04-30T16:03:46.207Z] 最低价限制：14300
[2025-04-30T16:03:46.208Z] 开始输入产品码
[2025-04-30T16:03:48.583Z] 产品码输入完成
[2025-04-30T16:03:48.584Z] 等待 1 秒后点击查询
[2025-04-30T16:03:49.594Z] 点击查询按钮
[2025-04-30T16:03:51.392Z] 查询完成，等待结果加载
[2025-04-30T16:03:51.392Z] 等待 3 秒后继续
[2025-04-30T16:03:53.902Z] 提取商品ID：50174447848
[2025-04-30T16:03:53.903Z] 开始点击商品链接
[2025-04-30T16:03:53.950Z] 商品链接点击完成
[2025-04-30T16:03:53.950Z] 等待新标签页打开
[2025-04-30T16:03:54.951Z] 等待新标签页，第 1 次尝试
[2025-04-30T16:03:54.951Z] 新标签页已打开
[2025-04-30T16:03:54.952Z] 切换到新标签页
[2025-04-30T16:03:54.953Z] 等待页面加载
[2025-04-30T16:03:55.319Z] 页面加载完成
[2025-04-30T16:03:55.329Z] 价格表格是否可见：true
[2025-04-30T16:03:55.331Z] 找到 9 个价格记录
[2025-04-30T16:03:55.339Z] 店铺 한빛2020 的价格：15,280
[2025-04-30T16:03:55.345Z] 店铺 행성 백화점 的价格：15,290
[2025-04-30T16:03:55.354Z] 店铺 orangeO 的价格：15,300
[2025-04-30T16:03:55.359Z] 店铺  的价格：16,180
[2025-04-30T16:03:55.363Z] 店铺  的价格：16,180
[2025-04-30T16:03:55.371Z] 店铺 엠버컬처럴커뮤니케이션 的价格：16,540
[2025-04-30T16:03:55.399Z] 店铺 Co2 的价格：19,200
[2025-04-30T16:03:55.409Z] 店铺 당신만의 맞춤 제작 的价格：23,670
[2025-04-30T16:03:55.414Z] 店铺 BERTHELOT 的价格：26,100
[2025-04-30T16:03:55.414Z] 本地店铺 한빛2020 的价格：15280
[2025-04-30T16:03:55.414Z] 跳过本地店铺 한빛2020
[2025-04-30T16:03:55.414Z] 检查店铺 행성 백화점 的价格：15290
[2025-04-30T16:03:55.414Z] 更新最低价：15290 (店铺：행성 백화점)
[2025-04-30T16:03:55.415Z] 检查店铺 orangeO 的价格：15300
[2025-04-30T16:03:55.415Z] 检查店铺  的价格：16180
[2025-04-30T16:03:55.415Z] 检查店铺 엠버컬처럴커뮤니케이션 的价格：16540
[2025-04-30T16:03:55.415Z] 检查店铺 Co2 的价格：19200
[2025-04-30T16:03:55.416Z] 检查店铺 당신만의 맞춤 제작 的价格：23670
[2025-04-30T16:03:55.416Z] 检查店铺 BERTHELOT 的价格：26100
[2025-04-30T16:03:55.416Z] 当前价格已经是最低，无需调价
[2025-04-30T16:03:55.416Z] 处理商品：11730974293
[2025-04-30T16:03:55.436Z] 开始打开管理端页面
[2025-04-30T16:03:58.010Z] 管理端页面加载完成
[2025-04-30T16:03:58.011Z] 等待 4 秒后继续
[2025-04-30T16:04:02.448Z] 开始打开价格比较页面
[2025-04-30T16:04:04.524Z] 价格比较页面加载完成
[2025-04-30T16:04:04.525Z] 等待 2 秒后继续
[2025-04-30T16:04:06.326Z] 开始处理商品：11730974293
[2025-04-30T16:04:06.327Z] 商品URL：https://search.shopping.naver.com/catalog/46139940239
[2025-04-30T16:04:06.327Z] 最低价限制：10000
[2025-04-30T16:04:06.328Z] 开始输入产品码
[2025-04-30T16:04:08.698Z] 产品码输入完成
[2025-04-30T16:04:08.698Z] 等待 1 秒后点击查询
[2025-04-30T16:04:10.085Z] 点击查询按钮
[2025-04-30T16:04:11.780Z] 查询完成，等待结果加载
[2025-04-30T16:04:11.780Z] 等待 4 秒后继续
[2025-04-30T16:04:15.383Z] 提取商品ID：46139940239
[2025-04-30T16:04:15.383Z] 开始点击商品链接
[2025-04-30T16:04:15.386Z] 商品链接点击完成
[2025-04-30T16:04:15.386Z] 等待新标签页打开
[2025-04-30T16:04:16.388Z] 等待新标签页，第 1 次尝试
[2025-04-30T16:04:17.389Z] 等待新标签页，第 2 次尝试
[2025-04-30T16:04:18.390Z] 等待新标签页，第 3 次尝试
[2025-04-30T16:04:19.390Z] 等待新标签页，第 4 次尝试
[2025-04-30T16:04:20.391Z] 等待新标签页，第 5 次尝试
